Splitter version 654 compiled 2024-04-05T14:44:59+0100
boundary-tags=use-exclude-list
cache=
description=FRld_240804_OSM_tile
geonames-file=
handle-element-version=remove
ignore-osm-bounds=false
keep-complete=true
mapid=63220001
max-areas=2048
max-nodes=1600000
max-threads=12 (auto)
mixed=false
no-trim=false
num-tiles=
output=pbf
output-dir=C:\Users\peter\Documents\Maps Garmin\OSMsplitted\FRld
overlap=auto
polygon-desc-file=
polygon-file=
precomp-sea=
problem-file=
problem-report=
resolution=13
route-rel-values=
search-limit=200000
split-file=
status-freq=120
stop-after=dist
wanted-admin-level=5
write-kml=
Elapsed time: 0s   Memory: Current 245MB (5MB used, 240MB free) Max 7282MB
Time started: Fri Aug 16 16:53:56 CEST 2024
Map is being split for resolution 13:
 - area boundaries are aligned to 0x800 map units (0.0439453125 degrees)
 - areas are multiples of 0x800 map units wide and high
Processing C:\Users\peter\Documents\Maps Garmin\OSMlatest\languedoc-roussillon-latest.osm.pbf
Bounding box 1.6862560000000002 42.16658 4.8479790000000005 44.978210000000004
10 000 000 nodes parsed... id=1946626510
20 000 000 nodes parsed... id=5745687760
Fill-densities-map pass took 8249 ms
Exact map coverage read from input file(s) is (42.16657876968384,1.686251163482666) to (44.97822046279907,4.84797477722168)
Rounded map coverage is (42.1435546875,1.669921875) to (45.0,4.8779296875)
Splitting nodes into areas containing a maximum of 1 600 000 nodes each...
Highest node count in a single grid element is 282 956
Solving partition (42.1435546875,1.669921875) to (45.0,4.8779296875) with 27 598 526 nodes
Splitting tile (42.1435546875,1.669921875) to (45.0,4.8779296875) with 27 598 526 nodes, goal is to get near 18 tiles
S2 FULL: step 1 goal: 18 tiles, now: 27 tile(s). The smallest node count is 334947 (20 %), cache size 0
S1 SOME: step 1 goal: 18 tiles, now: 23 tile(s). The smallest node count is 631521 (39 %), cache size 5
S2 FULL: step 2 goal: 18 tiles, now: 19 tile(s). The smallest node count is 1189773 (74 %), cache size 117
S2 FULL: step 3 goal: 18 tiles, now: 19 tile(s). The smallest node count is 1310228 (81 %), cache size 128
S1 SOME: step 2 goal: 18 tiles, now: 19 tile(s). The smallest node count is 1106410 (69 %), cache size 179
S1 SOME: step 4 goal: 18 tiles, now: 19 tile(s). The smallest node count is 1311761 (81 %), cache size 390
S2 FULL: step 4 goal: 18 tiles, now: 18 tile(s). The smallest node count is 1469076 (91 %), cache size 867
S1 SOME: step 7 goal: 18 tiles, now: 19 tile(s). The smallest node count is 1371847 (85 %), cache size 697
S2 FULL: step 7 goal: 18 tiles, now: 18 tile(s). The smallest node count is 1477822 (92 %), cache size 1 194
S2 FULL goal was 18 tiles, solver finished with : 18 tile(s). The smallest node count is 1477822 (92 %)
S1 SOME: step 11 goal: 18 tiles, now: 19 tile(s). The smallest node count is 1379892 (86 %), cache size 831
S1 SOME goal was 18 tiles, solver finished with : 19 tile(s). The smallest node count is 1379892 (86 %)
Solution is nice. Can't find a better solution with search-limit 200000: 18 tile(s). The smallest node count is 1477822 (92 %)
Final solution: 18 tile(s). The smallest node count is 1477822 (92 %)
This seems to be nice.
Area 63220001 covers (43.8134765625,1.669921875) to (45.0,3.5595703125) and contains 1525145 nodes (95 %)
Area 63220002 covers (44.208984375,3.5595703125) to (45.0,4.7900390625) and contains 1536589 nodes (96 %)
Area 63220003 covers (43.8134765625,3.5595703125) to (44.208984375,4.0869140625) and contains 1487136 nodes (92 %)
Area 63220004 covers (43.9892578125,4.0869140625) to (44.208984375,4.8779296875) and contains 1547291 nodes (96 %)
Area 63220005 covers (43.8134765625,4.0869140625) to (43.9892578125,4.8779296875) and contains 1599926 nodes (99 %)
Area 63220006 covers (42.1435546875,1.669921875) to (42.6708984375,2.724609375) and contains 1499252 nodes (93 %)
Area 63220007 covers (42.1875,2.724609375) to (42.6708984375,3.7353515625) and contains 1530671 nodes (95 %)
Area 63220008 covers (42.6708984375,1.669921875) to (43.8134765625,2.28515625) and contains 1497370 nodes (93 %)
Area 63220009 covers (43.5498046875,3.603515625) to (43.8134765625,3.8671875) and contains 1525956 nodes (95 %)
Area 63220010 covers (43.5498046875,2.28515625) to (43.8134765625,3.603515625) and contains 1580592 nodes (98 %)
Area 63220011 covers (43.5498046875,3.8671875) to (43.8134765625,4.04296875) and contains 1535711 nodes (95 %)
Area 63220012 covers (43.5498046875,4.04296875) to (43.8134765625,4.8779296875) and contains 1581496 nodes (98 %)
Area 63220013 covers (42.6708984375,2.28515625) to (43.5498046875,2.5927734375) and contains 1530484 nodes (95 %)
Area 63220014 covers (43.0224609375,2.5927734375) to (43.5498046875,2.98828125) and contains 1477822 nodes (92 %)
Area 63220015 covers (42.6708984375,2.5927734375) to (43.0224609375,2.98828125) and contains 1529013 nodes (95 %)
Area 63220016 covers (42.6708984375,3.4716796875) to (43.5498046875,4.8779296875) and contains 1493361 nodes (93 %)
Area 63220017 covers (43.330078125,2.98828125) to (43.5498046875,3.4716796875) and contains 1528092 nodes (95 %)
Area 63220018 covers (42.6708984375,2.98828125) to (43.330078125,3.4716796875) and contains 1592619 nodes (99 %)
Creating the initial areas took 517 ms
18 areas:
Area 63220001: 2041856,77824 to 2097152,165888 covers (0x1f2800,0x13000) to (0x200000,0x28800) FRld_240804_OSM_tile
Area 63220002: 2060288,165888 to 2097152,223232 covers (0x1f7000,0x28800) to (0x200000,0x36800) FRld_240804_OSM_tile
Area 63220003: 2041856,165888 to 2060288,190464 covers (0x1f2800,0x28800) to (0x1f7000,0x2e800) FRld_240804_OSM_tile
Area 63220004: 2050048,190464 to 2060288,227328 covers (0x1f4800,0x2e800) to (0x1f7000,0x37800) FRld_240804_OSM_tile
Area 63220005: 2041856,190464 to 2050048,227328 covers (0x1f2800,0x2e800) to (0x1f4800,0x37800) FRld_240804_OSM_tile
Area 63220006: 1964032,77824 to 1988608,126976 covers (0x1df800,0x13000) to (0x1e5800,0x1f000) FRld_240804_OSM_tile
Area 63220007: 1966080,126976 to 1988608,174080 covers (0x1e0000,0x1f000) to (0x1e5800,0x2a800) FRld_240804_OSM_tile
Area 63220008: 1988608,77824 to 2041856,106496 covers (0x1e5800,0x13000) to (0x1f2800,0x1a000) FRld_240804_OSM_tile
Area 63220009: 2029568,167936 to 2041856,180224 covers (0x1ef800,0x29000) to (0x1f2800,0x2c000) FRld_240804_OSM_tile
Area 63220010: 2029568,106496 to 2041856,167936 covers (0x1ef800,0x1a000) to (0x1f2800,0x29000) FRld_240804_OSM_tile
Area 63220011: 2029568,180224 to 2041856,188416 covers (0x1ef800,0x2c000) to (0x1f2800,0x2e000) FRld_240804_OSM_tile
Area 63220012: 2029568,188416 to 2041856,227328 covers (0x1ef800,0x2e000) to (0x1f2800,0x37800) FRld_240804_OSM_tile
Area 63220013: 1988608,106496 to 2029568,120832 covers (0x1e5800,0x1a000) to (0x1ef800,0x1d800) FRld_240804_OSM_tile
Area 63220014: 2004992,120832 to 2029568,139264 covers (0x1e9800,0x1d800) to (0x1ef800,0x22000) FRld_240804_OSM_tile
Area 63220015: 1988608,120832 to 2004992,139264 covers (0x1e5800,0x1d800) to (0x1e9800,0x22000) FRld_240804_OSM_tile
Area 63220016: 1988608,161792 to 2029568,227328 covers (0x1e5800,0x27800) to (0x1ef800,0x37800) FRld_240804_OSM_tile
Area 63220017: 2019328,139264 to 2029568,161792 covers (0x1ed000,0x22000) to (0x1ef800,0x27800) FRld_240804_OSM_tile
Area 63220018: 1988608,139264 to 2019328,161792 covers (0x1e5800,0x22000) to (0x1ed000,0x27800) FRld_240804_OSM_tile
Generating problem list for 18 distinct areas
Processing 18 areas in a single pass
Pseudo areas:
Pseudo area -19 covers (45.0,-180.0) to (90.0,180.0)
Pseudo area -20 covers (-90.0,-180.0) to (42.1435546875,180.0)
Pseudo area -21 covers (42.1435546875,-180.0) to (45.0,1.669921875)
Pseudo area -22 covers (42.1435546875,2.724609375) to (42.1875,3.7353515625)
Pseudo area -23 covers (42.1435546875,3.7353515625) to (42.6708984375,4.8779296875)
Pseudo area -24 covers (44.208984375,4.7900390625) to (45.0,4.8779296875)
Pseudo area -25 covers (42.1435546875,4.8779296875) to (45.0,180.0)
cached 24 combinations of areas that form rectangles.
AreaGridTree [512][512] for grid area (-90.0,-180.0) to (90.0,180.0) requires max. 7 checks for each node (0 sub grid(s))
Starting problem-list-generator pass(es)
-----------------------------------
Starting problem-list-generator pass 1 of 1
way Map: uses SparseLong2IntMap
coord Map: uses SparseLong2IntMap
Processing C:\Users\peter\Documents\Maps Garmin\OSMlatest\languedoc-roussillon-latest.osm.pbf
Bounding box 1.6862560000000002 42.16658 4.8479790000000005 44.978210000000004
10 000 000 nodes parsed... id=1946626510
coord MAP occupancy: 10 000 000, number of area dictionary entries: 98
20 000 000 nodes parsed... id=5745687760
coord MAP occupancy: 20 000 000, number of area dictionary entries: 101
1 000 000 ways parsed... id=125411092
2 000 000 ways parsed... id=287975888
3 000 000 ways parsed... id=794796889
Processing C:\Users\peter\Documents\Maps Garmin\OSMlatest\languedoc-roussillon-latest.osm.pbf
Bounding box 1.6862560000000002 42.16658 4.8479790000000005 44.978210000000004
coord Map: 27 656 475 stored long/int pairs require ca. 28 bytes per pair. 1 260 324 chunks are used, the avg. number of values in one 64-chunk is 21.
coord Map details: ~741 MB, including 91 array(s) with 8 MB

way Map: 3 613 693 stored long/int pairs require ca. 24 bytes per pair. 274 072 chunks are used, the avg. number of values in one 64-chunk is 13.
way Map details: ~83 MB, including 10 array(s) with 8 MB


  Number of stored area combis for nodes: 27 656 475
  Number of stored area combis for ways: 3 613 693
  Number of stored Integers for rels: 0
  Number of stored combis in dictionary: 139
  Number of detected problem ways: 10 957
  Number of detected problem rels: 1 263
  JVM Memory Info: Current 2444MB (2063MB used, 381MB free) Max 7282MB

Problem-list-generator pass 1 took 8795 ms
Problem-list-generator pass(es) took 8842 ms
cached 17 combinations of areas that form rectangles.
AreaGridTree [512][512] for grid area (42.1435546875,1.669921875) to (45.0,4.8779296875) requires max. 3 checks for each node (0 sub grid(s))
-----------------------------------
Executing multi-tile analyses phase 1
Processing C:\Users\peter\Documents\Maps Garmin\OSMlatest\languedoc-roussillon-latest.osm.pbf
Bounding box 1.6862560000000002 42.16658 4.8479790000000005 44.978210000000004
Stats for MultiTileProcessor pass 1
  SparseBitSet problemRels contains now 1 263 Ids.
  SparseBitSet neededWays contains now 10 957 Ids.
  SparseBitSet mpWays contains now 0 Ids.
  SparseBitSet neededNodes contains now 0 Ids.
  Number of stored relations: 43 390
  Number of stored tile combinations in multiTileDictionary: 85
Status: Finished collecting relations.
  JVM Memory Info: Current 2457MB (1103MB used, 1354MB free) Max 7282MB
starting to resolve relations containing problem relations ...
Loop in relation 18349. Loop contains relation(s): 2766170 
Loop in relation 2918996. Loop contains relation(s): 2767884 
Loop in relation 2918640. Loop contains relation(s): 2767884 
Loop in relation 2918769. Loop contains relation(s): 2767884 
Finished adding members of problem relations to problem lists.
Stats for MultiTileProcessor pass 1
  SparseBitSet neededWays contains now 37 212 Ids.
  SparseBitSet mpWays contains now 26 053 Ids.
  SparseBitSet neededNodes contains now 5 398 Ids.
  Number of stored relations: 1 698
  Number of stored tile combinations in multiTileDictionary: 85
Status: starting to collect ids of needed way nodes ...
Multi-tile analyses phase 1 took 265 ms
-----------------------------------
Executing multi-tile analyses phase 2
Processing C:\Users\peter\Documents\Maps Garmin\OSMlatest\languedoc-roussillon-latest.osm.pbf
Bounding box 1.6862560000000002 42.16658 4.8479790000000005 44.978210000000004
1 000 000 ways parsed... id=125411092
2 000 000 ways parsed... id=287975888
3 000 000 ways parsed... id=794796889
Stats for MultiTileProcessor pass 2
  SparseBitSet neededWays contains now 37 212 Ids.
  SparseBitSet mpWays contains now 18 024 Ids.
  SparseBitSet neededNodes contains now 900 125 Ids.
  Number of stored relations: 1 698
  Number of stored tile combinations in multiTileDictionary: 85
Status: Finished collecting problem ways.
Found 19 188 of 37 212 needed ways.
Found 8 029 of 26 053 needed multipolygon ways.
Stats for MultiTileProcessor pass 2
  SparseBitSet neededWays contains now 37 212 Ids.
  SparseBitSet mpWays contains now 18 024 Ids.
  SparseBitSet neededNodes contains now 900 125 Ids.
  Number of stored relations: 1 698
  Number of stored tile combinations in multiTileDictionary: 85
Status: Starting to collect coordinates for 900 125 needed nodes.
  JVM Memory Info: Current 2658MB (1121MB used, 1537MB free) Max 7282MB
Multi-tile analyses phase 2 took 3206 ms
-----------------------------------
Executing multi-tile analyses phase 3
Processing C:\Users\peter\Documents\Maps Garmin\OSMlatest\languedoc-roussillon-latest.osm.pbf
Bounding box 1.6862560000000002 42.16658 4.8479790000000005 44.978210000000004
10 000 000 nodes parsed... id=1946626510
20 000 000 nodes parsed... id=5745687760
1 000 000 ways parsed... id=125411092
2 000 000 ways parsed... id=287975888
3 000 000 ways parsed... id=794796889
Found 900 046 of 900 125 needed nodes.
  JVM Memory Info: Current 2938MB (2093MB used, 845MB free) Max 7282MB
Calculating tiles for problem relations...
Warning: Incomplete multipolygon relation 7381 (Cantal): using bbox of unclosed polygon to calc tiles, ways: [36902846, 42163017, 42163041, 42163044, 153969740, 33082651, 33082875, 81238609, 49847667, 49847673, 33082681, 81238606, 33082828, 81238573, 81238602, 153969232, 153969231, 49847679, 163057089, 33082654, 33082644, 153954034, 153954027, 67509258, 137110009, 67513459, 421062062, 137107605]
Warning: Incomplete multipolygon relation 7393 (Bouches-du-Rhône): using bbox of unclosed polygon to calc tiles, ways: [772046485, 38163992, 41474864, 50841730, 53575107, 48616285, 48228246, 1133333599, 68297057, 48228251, 68297066, 30796153, 48228821, 30799960, 48238130, 32113709, 32113898, 48238133, 32113900, 30799089, 772046487, 772046486]
Warning: Incomplete multipolygon relation 7413 (Haute-Garonne): using bbox of unclosed polygon to calc tiles, ways: [23301737, 23301632, 31143969, 34243091, 34243092, 81028085, 34242660, 32948728, 80838171, 31106453, 31106454, 80589228, 235431847, 36602487, 36602486, 42380168, 80608624, 80608634, 82302806, 34058664, 80625130, 1015941579, 722199697, 80638308, 590793374, 153996011, 154839723, 81295955, 81295958, 81295969, 97374033, 97452856, 97452877, 97529700, 97529719, 23301716]
Warning: rel 7429 touches 12 tiles.
Warning: Incomplete multipolygon relation 7430 (Ardèche): using bbox of unclosed polygon to calc tiles, ways: [84963608, 49925698, 126112944, 126112940, 125295337, 126718340, 126718370, 71214043, 85275012, 85275008, 85275003, 85274994, 66831113, 71214035, 85080717, 298451131, 49976968, 85080723, 50835278, 42422684, 50835273, 82426153, 82390717, 190675593, 74465636, 1081619207, 1081619208, 625456153, 299669329, 223139340, 223139342, 625430553, 625354399, 625354408, 625354406, 33901400, 625354411, 625354410, 625354409, 221495772, 141200001, 221645331, 141200002, 141199999, 32065000, 33901871, 30953882, 33901872, 32065093, 50835987, 51893824, 202327950, 83101121, 221107497, 221600776, 142028499, 62370201, 142028494, 140415166, 140415174, 142028490, 41384033, 48360435, 382197881, 48360433, 828399722, 48361201, 132546392, 48362157, 48362159, 190641096, 190641095, 190641094, 170328098, 170328099, 170328105, 170328097, 170328103]
Warning: Incomplete multipolygon relation 7439 (Ariège): using bbox of unclosed polygon to calc tiles, ways: [23301716, 132576285, 153793709, 153794465, 132863224, 132761132, 132761128, 93851932, 132761131, 1206387132, 151692372, 149377605, 132380175, 149139001, 148218667, 132707999, 132687678, 148208492, 132687681, 132687680, 132665900, 135706555, 149765843, 135805474, 134191711, 133721660, 134191715, 187742230, 187742231, 134191714, 135472766, 134068082, 135472767, 132310642, 191926923, 133084704, 133407959, 133544280, 149920704, 136505042, 135641442, 133084705, 135641438, 135656448, 135659235, 135659232, 135656444, 135656447, 135663510, 135636807, 135634308, 143882671, 143882668, 135630274, 140461344, 23301596, 140461373, 135630276, 131749303, 131749305, 131749306, 131749302, 209513139, 536737440, 83912359, 136391987, 536741577, 23301599, 536746109]
Warning: Incomplete multipolygon relation 7442 (Tarn): using bbox of unclosed polygon to calc tiles, ways: [118109771, 23301589, 36957882, 118102955, 36987138, 118102942, 37021145, 34834195, 234866507, 37021147, 33883182, 34826435, 1015767523, 435602751, 33882452, 33877980, 404418567, 33884006, 947028729, 947028730, 94584678, 33874459, 94584644, 33873519, 94566095, 398987802, 31106249, 34375220, 33847876, 31106251, 34339899, 34339900, 34339901, 34340125, 404568932, 163096437, 163077596, 34340126, 160101888, 160101904, 160082309, 34517852, 103722885, 157523136, 160011611, 160011617, 160011612, 103078768, 235637285, 81086750, 157415279, 157415280, 103943335, 29466078, 31143968, 208251345, 34064438, 208251344, 23301737]
Warning: Incomplete multipolygon relation 7445 (Vaucluse): using bbox of unclosed polygon to calc tiles, ways: [170328103, 35151998, 48369003, 68296705, 48370596, 36908321, 231513131, 48370832, 68296710, 38457157, 48278555, 35151995, 35085480, 48278552, 68297081, 48278148, 48278006, 35085478, 68297062, 48277872, 68297079, 68297064, 68297076, 35086057, 68297078, 35086053, 48277648, 68297063, 82826121, 48276978, 68297065, 398984950, 32859876, 30799089]
Warning: Incomplete multipolygon relation 7451 (Aveyron): using bbox of unclosed polygon to calc tiles, ways: [118109771, 23301681, 31021819, 31236343, 31236814, 31237321, 31233254, 31020897, 31150581, 31020113, 31020114, 48597959, 31150582, 48594256, 31151039, 31151038, 41343752, 48594257, 37034919, 174309611, 48596795, 1155093308, 48378390, 933870354, 48377966, 48377967, 48599924, 48598735, 48379124, 55275714, 55275712, 48379130, 31046469, 35608011, 35608012, 48378841, 48378840, 31047140, 31046554, 31128029, 48378838, 31128025, 31131760, 161461781, 31132335, 42438772, 326543573, 42163107, 31132334, 42163105, 42163103, 269797514, 1024348500, 31137032, 42163102, 31297239, 42163101, 42163100, 31303515, 53507015, 101848715, 53507022, 42163096, 33473489, 42163093, 36811192, 33452109, 33425108, 36901415, 36901414, 33425937, 36902846]
Warning: Incomplete multipolygon relation 7452 (Haute-Loire): using bbox of unclosed polygon to calc tiles, ways: [137107605, 228891738, 228187981, 67513483, 228187982, 228472065, 67513444, 33082824, 67521907, 228472478, 67521909, 228524949, 67522896, 228336672, 228335249, 67028815, 67522906, 67524085, 67524087, 71295473, 71214040, 442062934, 50321113, 442062932, 49942425, 71214046, 126108965, 126108964, 125295335, 125295339, 126108939, 126108966, 125591277, 125591281, 125591273, 125295331, 84963608]
Warning: rel 7461 touches 11 tiles.
Warning: Incomplete multipolygon relation 8638 (Auvergne): using bbox of unclosed polygon to calc tiles, ways: [36902846, 42163017, 42163041, 42163044, 153969740, 33082651, 33082875, 81238609, 49847667, 49847673, 33082681, 81238606, 33082828, 81238573, 81238602, 153969232, 153969231, 49847679, 163057089, 33082654, 33082644, 153954034, 153954027, 67509258, 137110009, 67513459, 421062062, 228891738, 228187981, 67513483, 228187982, 228472065, 67513444, 33082824, 67521907, 228472478, 67521909, 228524949, 67522896, 228336672, 228335249, 67028815, 67522906, 67524085, 67524087, 71295473, 71214040, 442062934, 50321113, 442062932, 49942425, 71214046, 126108965, 126108964, 125295335, 125295339, 126108939, 126108966, 125591277, 125591281, 125591273, 125295331, 84963608]
Warning: rel 8643 touches 18 tiles.
Warning: Incomplete multipolygon relation 8647 (Midi-Pyrénées): using bbox of unclosed polygon to calc tiles, ways: [36902846, 33425937, 36901414, 36901415, 33425108, 33452109, 36811192, 42163093, 33473489, 42163096, 53507022, 101848715, 53507015, 31303515, 42163100, 42163101, 31297239, 42163102, 31137032, 1024348500, 269797514, 42163103, 42163105, 31132334, 42163107, 326543573, 42438772, 31132335, 161461781, 31131760, 31128025, 48378838, 31128029, 31046554, 31047140, 48378840, 48378841, 35608012, 35608011, 31046469, 48379130, 55275712, 55275714, 48379124, 48598735, 48599924, 48377967, 48377966, 933870354, 48378390, 1155093308, 48596795, 174309611, 37034919, 48594257, 41343752, 31151038, 31151039, 48594256, 31150582, 48597959, 31020114, 31020113, 31150581, 31020897, 31233254, 31237321, 31236814, 31236343, 31021819, 23301681, 23301589, 36957882, 118102955, 36987138, 118102942, 37021145, 34834195, 234866507, 37021147, 33883182, 34826435, 1015767523, 435602751, 33882452, 33877980, 404418567, 33884006, 947028729, 947028730, 94584678, 33874459, 94584644, 33873519, 94566095, 398987802, 31106249, 34375220, 33847876, 31106251, 34339899, 34339900, 34339901, 34340125, 404568932, 163096437, 163077596, 34340126, 160101888, 160101904, 160082309, 34517852, 103722885, 157523136, 160011611, 160011617, 160011612, 103078768, 235637285, 81086750, 157415279, 157415280, 103943335, 29466078, 31143968, 208251345, 34064438, 208251344, 23301632, 31143969, 34243091, 34243092, 81028085, 34242660, 32948728, 80838171, 31106453, 31106454, 80589228, 235431847, 36602487, 36602486, 42380168, 80608624, 80608634, 82302806, 34058664, 80625130, 1015941579, 722199697, 80638308, 590793374, 153996011, 154839723, 81295955, 81295958, 81295969, 97374033, 97452856, 97452877, 97529700, 97529719, 132576285, 153793709, 153794465, 132863224, 132761132, 132761128, 93851932, 132761131, 1206387132, 151692372, 149377605, 132380175, 149139001, 148218667, 132707999, 132687678, 148208492, 132687681, 132687680, 132665900, 135706555, 149765843, 135805474, 134191711, 133721660, 134191715, 187742230, 187742231, 134191714, 135472766, 134068082, 135472767, 132310642, 191926923, 133084704, 133407959, 133544280, 149920704, 136505042, 135641442, 133084705, 135641438, 135656448, 135659235, 135659232, 135656444, 135656447, 135663510, 135636807, 135634308, 143882671, 143882668, 135630274, 140461344, 23301596, 140461373, 135630276, 131749303, 131749305, 131749306, 131749302, 209513139, 536737440, 83912359, 136391987, 536741577, 23301599, 536746109]
Warning: rel 8647 touches 10 tiles.
Warning: Incomplete multipolygon relation 8654 (Provence-Alpes-Côte d'Azur): using bbox of unclosed polygon to calc tiles, ways: [772046485, 38163992, 41474864, 50841730, 53575107, 48616285, 48228246, 1133333599, 68297057, 48228251, 68297066, 30796153, 48228821, 30799960, 48238130, 32113709, 32113898, 48238133, 32113900, 32859876, 398984950, 68297065, 48276978, 82826121, 68297063, 48277648, 35086053, 68297078, 35086057, 68297076, 68297064, 68297079, 48277872, 68297062, 35085478, 48278006, 48278148, 68297081, 48278552, 35085480, 35151995, 48278555, 38457157, 68296710, 48370832, 231513131, 36908321, 48370596, 68296705, 48369003, 35151998, 170328103, 772046487, 772046486]
Warning: Incomplete multipolygon relation 73911 (Arles): using bbox of unclosed polygon to calc tiles, ways: [32317035, 48228246, 1133333599, 68297057, 48228251, 68297066, 30796153, 30799956]
Warning: Incomplete multipolygon relation 74016 (Tarascon): using bbox of unclosed polygon to calc tiles, ways: [48228821, 30799960, 30799956, 30799954, 30799957]
Warning: Incomplete multipolygon relation 77202 (Montagnol): using bbox of unclosed polygon to calc tiles, ways: [31020113, 31020127, 31020233]
Warning: Incomplete multipolygon relation 102478 (Avignon): using bbox of unclosed polygon to calc tiles, ways: [32859234, 68297065, 398984950, 32859876, 30799089]
Warning: Incomplete multipolygon relation 138690 (Labruguière): using bbox of unclosed polygon to calc tiles, ways: [34517850, 160101904, 160082309, 34517852, 103722921]
Warning: Incomplete multipolygon relation 144097 (Anglès): using bbox of unclosed polygon to calc tiles, ways: [34826434, 234866507, 37021147, 33883182, 404414488]
Warning: Incomplete multipolygon relation 181308 (Sorgues): using bbox of unclosed polygon to calc tiles, ways: [35086054, 35086053, 48277648, 68297063, 82826121, 48276978, 32859234]
Warning: Incomplete multipolygon relation 187030 (Mornas): using bbox of unclosed polygon to calc tiles, ways: [72097312, 38457157, 68296710, 48370832, 38457156]
Warning: Incomplete multipolygon relation 340344 (Guils de Cerdanya): using bbox of unclosed polygon to calc tiles, ways: [45322996, 45504160, 48719471, 45504157, 45322993]
Warning: Incomplete multipolygon relation 340348 (la Jonquera): using bbox of unclosed polygon to calc tiles, ways: [25116282, 32934055, 41362407, 399167526, 399165444, 41362408, 428399148, 45509288, 428401734, 399174715]
Warning: Incomplete multipolygon relation 340546 (Puigcerdà): using bbox of unclosed polygon to calc tiles, ways: [45324980, 48719598, 31059440, 31059443, 45504159, 45322996]
Warning: Incomplete multipolygon relation 340548 (Rabós): using bbox of unclosed polygon to calc tiles, ways: [45324994, 399170682, 399170684, 45479908, 399168278, 45324998]
Warning: Incomplete multipolygon relation 341142 (Maçanet de Cabrenys): using bbox of unclosed polygon to calc tiles, ways: [45329844, 25910273, 25910277, 25910276, 25787109, 45509286, 1073202857, 45329841]
Warning: Incomplete multipolygon relation 341146 (Molló): using bbox of unclosed polygon to calc tiles, ways: [45329868, 45509280, 540042643, 401352035]
Warning: Incomplete multipolygon relation 341147 (Montagut i Oix): using bbox of unclosed polygon to calc tiles, ways: [45329873, 45509284, 45329877]
Warning: Incomplete multipolygon relation 343217 (Colera): using bbox of unclosed polygon to calc tiles, ways: [45324994, 45479911, 45357469]
Warning: Incomplete multipolygon relation 343309 (Toses): using bbox of unclosed polygon to calc tiles, ways: [45358323, 48719597, 401352046, 45504151, 45358322]
Warning: Incomplete multipolygon relation 343534 (Ger): using bbox of unclosed polygon to calc tiles, ways: [45322993, 45360522]
Warning: Incomplete multipolygon relation 343841 (la Vajol): using bbox of unclosed polygon to calc tiles, ways: [537152668, 428402610, 45363602, 45509287, 45329844]
Warning: Incomplete multipolygon relation 344135 (Camprodon): using bbox of unclosed polygon to calc tiles, ways: [45329877, 220706761, 428399143, 45509277, 45329868]
Warning: Incomplete multipolygon relation 345041 (Meranges): using bbox of unclosed polygon to calc tiles, ways: [45360522, 5820017, 45369618]
Warning: Incomplete multipolygon relation 345217 (Portbou): using bbox of unclosed polygon to calc tiles, ways: [589614403, 589614404, 45398563, 15412298, 45479910, 45357469]
Warning: Incomplete multipolygon relation 345217 (Portbou): using bbox of unclosed polygon to calc tiles, ways: [589614407]
Warning: Incomplete multipolygon relation 345223 (Planoles): using bbox of unclosed polygon to calc tiles, ways: [45370263, 45504152, 45358323]
Warning: Incomplete multipolygon relation 346346 (Lles de Cerdanya): using bbox of unclosed polygon to calc tiles, ways: [45369618, 155174610, 208557122]
Warning: Incomplete multipolygon relation 346729 (Setcases): using bbox of unclosed polygon to calc tiles, ways: [220340562, 401352035, 214780493, 45509278, 504713076, 45378191]
Warning: Incomplete multipolygon relation 347515 (Queralbs): using bbox of unclosed polygon to calc tiles, ways: [45378191, 50402860, 1158562302, 50402862, 30814199, 45504150, 45504161, 45370263]
Warning: Incomplete multipolygon relation 347771 (Espolla): using bbox of unclosed polygon to calc tiles, ways: [45324998, 25100193, 399168583, 25102667, 399168589, 45479909, 399174715]
Warning: Incomplete multipolygon relation 348053 (Agullana): using bbox of unclosed polygon to calc tiles, ways: [428401734, 45509265, 428402610, 45363602]
Warning: Incomplete multipolygon relation 348054 (Albanyà): using bbox of unclosed polygon to calc tiles, ways: [221313368, 221180097, 45329841, 15412295, 45329873]
Warning: Incomplete multipolygon relation 348059 (Alp): using bbox of unclosed polygon to calc tiles, ways: [45358322, 45504154, 45324980]
Warning: Incomplete multipolygon relation 348990 (Lleida): using bbox of unclosed polygon to calc tiles, ways: [208557122, 155174610, 45369618]
Warning: Incomplete multipolygon relation 349023 (Girona): using bbox of closed polygon to calc tiles, ways: [31102424, 30857588, 30814474, 25776674, 135251539, 30814650, 30814651]
Warning: Incomplete multipolygon relation 349023 (Girona): using bbox of unclosed polygon to calc tiles, ways: [589614407]
Warning: Incomplete multipolygon relation 349023 (Girona): using bbox of unclosed polygon to calc tiles, ways: [45398563, 589614404, 589614403, 15412298, 45479910, 45479911, 399170682, 399170684, 45479908, 399168278, 25100193, 399168583, 25102667, 399168589, 45479909, 25116282, 32934055, 41362407, 399167526, 399165444, 41362408, 428399148, 45509288, 45509265, 537152668, 45509287, 25910273, 25910277, 25910276, 25787109, 45509286, 1073202857, 221180097, 221313368, 15412295, 45509284, 220706761, 428399143, 45509277, 45509280, 540042643, 220340562, 214780493, 45509278, 504713076, 50402860, 1158562302, 50402862, 30814199, 45504150, 45504161, 45504152, 48719597, 401352046, 45504151, 45504154, 48719598, 31059440, 31059443, 45504159, 45504160, 48719471, 45504157, 5820017, 45369618]
Warning: Incomplete multipolygon relation 390315 (Le Clapier): using bbox of unclosed polygon to calc tiles, ways: [61454631, 31150582, 48594256, 48594255]
Warning: Incomplete multipolygon relation 414459 (Saintes-Maries-de-la-Mer): using bbox of unclosed polygon to calc tiles, ways: [32317035, 48616285, 53575107, 50841730, 41474864, 38163992, 772046485, 772046487, 772046486]
Warning: Incomplete multipolygon relation 1024504 (Parc national des Cévennes (aire d'adhésion)): using bbox of unclosed polygon to calc tiles, ways: [933870375, 48376997, 933870334, 933870388, 48615149, 933870273, 933870401, 933870342, 933870379, 933870325, 933870354, 48377965, 48378388, 48613008, 48612926, 48376698, 48376066, 48376064, 48375950, 48375602, 48375603, 48181104, 48615311, 48615310, 48239174, 36993428, 194284106, 41223167, 196601970, 196601968, 196601854, 196600377, 196601856, 196603569, 48977782, 48977524, 803138770, 61299944, 61007716, 61009448, 48991318, 61304617, 61305661, 61305667, 61303402, 61303403, 61303518, 30933399, 30933398, 30933389, 30943734, 30945377, 30945379, 30951091, 30943728, 30951092, 30951090, 30951215, 31265272, 66259958, 70380771, 48662222, 205229968, 205229969, 188636067, 188636065, 30952717, 196615597, 30952587, 196614322, 196614412, 357212609, 357212604, 196614413, 196614324, 74465518, 190583189, 196614708, 196615009, 818897884, 196615005, 1082929864, 196615004, 196615007, 196614980, 196615008, 196615382, 196615375, 65800848, 196615453, 221107504, 66205225, 358424957, 66258196, 51893824, 33902207, 933870306, 933870400, 933870309, 933870304, 933870371, 933870356, 933870353, 933870365, 933870355, 933870307, 933870301, 933870402, 933870383, 933870295, 933870397, 933870322, 933870269, 48358448, 933870350, 933870328, 933870338, 933870315, 933870337, 933870382, 221533300, 933870299, 933870320, 933870344, 933870297, 933870339, 933870352, 933870372, 933870361, 933870305, 933870326, 67028144, 66828157, 67028138, 66832266, 67498021, 67090938, 67095161, 67090940, 67090945, 42422677, 42422686, 42422687, 42422688, 42422653, 221495771, 299721078, 299715547, 562001359, 299715548, 82390717, 190675593, 74465636, 1081619207, 1081619208, 625456153, 299669329, 223139340, 223139342, 625430553, 625354399, 625354408, 625354406, 33901400, 625354411, 625354410, 625354409, 221495772, 141200001, 221645331, 141200002, 141199999, 32065000, 33901871, 33901869]
Warning: Incomplete multipolygon relation 1144990 (Zone tampon de la réserve de biosphère de Camargue): using bbox of unclosed polygon to calc tiles, ways: [772046481, 772046482, 74324377, 74324397, 74324481, 772046475, 772046474, 772046473, 772046472, 772046471, 772046470, 772046476, 772046484, 772046483]
Warning: Incomplete multipolygon relation 1144991 (Aire de coopération de la réserve de biosphère de Camargue): using bbox of closed polygon to calc tiles, ways: [772046477, 772046478, 772046479, 772046480, 772046476, 772046470, 772046471, 772046472, 772046473, 772046474, 772046475, 74324492, 74324481]
Warning: Incomplete multipolygon relation 1144991 (Aire de coopération de la réserve de biosphère de Camargue): using bbox of closed polygon to calc tiles, ways: [74324473, 772046481, 772046482, 74324377]
Warning: Incomplete multipolygon relation 1146937 (Aire de coopération de la réserve de biosphère des Cévennes): using bbox of unclosed polygon to calc tiles, ways: [32065000, 141199999, 141200002, 221645331, 141200001, 221495772, 625354409, 625354410, 625354411, 33901400, 625354406, 625354408, 625354399, 625430553, 223139342, 223139340, 299669329, 625456153, 1081619208, 1081619207, 74465636, 190675593, 82390717, 299715548, 562001359, 299715547, 299721078, 625354438, 221495773, 625651152, 625224621, 625225851, 625224622, 625812931, 221651953, 221645333, 221645332, 221540371, 221533315, 221401286, 221412762, 48358746, 933870350, 48358448, 933870269, 42422665, 42422664, 42422671, 71321819, 71319880, 71319899, 42422797, 71319896, 42422672, 42422674, 42422887, 30954415, 42422889, 42422798, 48359280, 48377254, 48377531, 61851044, 933870371, 61851049, 48376996, 933870375, 48376997, 48616494, 70991006, 221475887, 221460545, 48616495, 360789599, 48616035, 48616038, 48615213, 48615212, 48613193, 48612778, 48613188, 48376063, 48613645, 48613646, 48676451, 48676449, 48613009, 48613010, 48612926, 48376698, 48376066, 48376064, 48375950, 48375602, 48375603, 48181104, 48615311, 48615310, 48239174, 36993428, 194284106, 41223167, 196601970, 196601968, 196601854, 196600377, 196601856, 196603569, 48977782, 48977524, 803138770, 61299944, 61007716, 61009448, 48991318, 61304617, 61305661, 61305667, 61303402, 61303403, 61303518, 30933399, 30933398, 30933389, 30943734, 30945377, 30945379, 30951091, 30943728, 30951092, 30951090, 30951215, 31265272, 66259958, 70380771, 48662222, 205229968, 205229969, 188636067, 188636065, 30952717, 196615597, 30952587, 196614322, 196614412, 357212609, 357212604, 196614413, 196614324, 74465518, 190583189, 196614708, 196615009, 818897884, 196615005, 1082929864, 196615004, 196615007, 196614980, 196615008, 196615382, 196615375, 65800848, 196615453, 221107504, 66205225, 358424957, 66258196, 51893824, 33902207, 33901871, 33901869]
Warning: Incomplete multipolygon relation 1271993 (Grand Avignon): using bbox of unclosed polygon to calc tiles, ways: [82826121, 68297063, 48277648, 35086053, 68297078, 35086057, 68297076, 68297064, 68297079, 48277872, 48277970, 48277870, 48277871, 48275421, 48277357, 48274864, 48274862, 48274758, 48237446, 48237448, 48238603, 48238129, 48238604, 48238135, 32113900, 30799089, 48276978, 32859234]
Warning: Incomplete multipolygon relation 1371234 (Lacabarède): using bbox of unclosed polygon to calc tiles, ways: [398987801, 33874459, 94584678, 947028730, 947028729, 94813956]
Warning: Incomplete multipolygon relation 1642257 (Rodez): using bbox of unclosed polygon to calc tiles, ways: [31297326, 31297239, 42163101, 42163100, 31303515, 53507015, 101848715, 53507022, 42163096, 33473489, 42163093, 36811192, 33452109, 33425108, 36901415, 36901414, 33425937, 36902846]
Warning: Incomplete multipolygon relation 1642274 (Millau): using bbox of unclosed polygon to calc tiles, ways: [31297326, 42163102, 31137032, 1024348500, 269797514, 42163103, 42163105, 31132334, 42163107, 326543573, 42438772, 31132335, 161461781, 31131760, 31128025, 48378838, 31128029, 31046554, 31047140, 48378840, 48378841, 35608012, 35608011, 31046469, 48379130, 55275712, 55275714, 48379124, 48598735, 48599924, 48377967, 48377966, 933870354, 48378390, 1155093308, 48596795, 174309611, 37034919, 48594257, 41343752, 31151038, 31151039, 48594256, 31150582, 48597959, 31020114, 31020113, 31150581, 31020897, 31233254, 31237321, 31236814, 31236343, 31021819, 23301681, 118109771]
Warning: Incomplete multipolygon relation 1642748 (Communauté de communes Larzac et Vallées): using bbox of unclosed polygon to calc tiles, ways: [31020114, 31020233, 48597959, 31150582, 48594256, 31151039, 31151038, 41343752, 48594257, 37034919, 174309611, 48596795, 1155093308, 48378390, 933870354, 48377966, 48377967, 48599924, 48598735, 48379124, 55275714, 55275712, 48379130, 31046469, 35608011, 35608012, 48378841, 48378840, 31047140, 35767580]
Warning: Incomplete multipolygon relation 1647417 (Castres): using bbox of unclosed polygon to calc tiles, ways: [160011617, 160011611, 157523136, 103722885, 34517852, 160082309, 160101904, 160101888, 34340126, 160011612, 163077596, 103078768, 163096437, 235637285, 404568932, 34340125, 34339901, 34339900, 34339899, 31106251, 33847876, 34375220, 31106249, 398987802, 94566095, 33873519, 94584644, 33874459, 94584678, 947028730, 947028729, 33884006, 404418567, 33877980, 33882452, 435602751, 1015767523, 34826435, 33883182, 37021147, 234866507, 34834195, 37021145, 118102942, 36987138, 118102955, 36957882, 23301589, 118109771, 81086750, 157415279, 157415280, 103943335, 29466078, 31143968, 208251345, 34064438, 208251344, 23301737]
Warning: Incomplete multipolygon relation 1647782 (Communauté d'agglomération de Castres-Mazamet): using bbox of unclosed polygon to calc tiles, ways: [34545028, 34375220, 33847876, 31106251, 34339899, 34339900, 34339901, 34340125, 404568932, 163096437, 163077596, 34340126, 160101888, 160101904, 160082309, 34517852, 103722921]
Warning: Incomplete multipolygon relation 1647783 (Communauté de communes Thoré Montagne Noire): using bbox of unclosed polygon to calc tiles, ways: [34545028, 31106249, 398987802, 94566095, 33873519, 94584644, 33874459, 94584678, 947028730, 947028729, 33884006, 404418567, 33877980, 33882452, 435602751, 1015767523, 34826435, 404414488]
Warning: Incomplete multipolygon relation 1647785 (Communauté de Communes de la Montagne du Haut Languedoc): using bbox of unclosed polygon to calc tiles, ways: [41276425, 41224975, 41274992, 36987135, 41273564, 41273057, 41272474, 41271718, 37021144, 37297736, 41271239, 34388454, 33883182, 404414488, 41224970, 41224974, 36977474, 41224963, 41224969, 31237320, 31236815, 31021819, 23301681, 23301589, 36957882, 118102955, 36987138, 118102942, 37021145, 34834196]
Warning: Incomplete multipolygon relation 1649040 (Toulouse): using bbox of unclosed polygon to calc tiles, ways: [23301716, 97529719, 97529700, 97452877, 97452856, 97374033, 81295969, 81295958, 81295955, 154839723, 153996011, 590793374, 80638308, 722199697, 1015941579, 80625130, 34058664, 82302806, 80608634, 80608624, 42380168, 36602486, 36602487, 235431847, 80589228, 31106454, 31106453, 80838171, 32948728, 34242660, 81028085, 34243092, 34243091, 31143969, 23301632, 23301737]
Warning: Incomplete multipolygon relation 1686524 (Arles): using bbox of unclosed polygon to calc tiles, ways: [772046485, 38163992, 41474864, 50841730, 53575107, 48616285, 48228246, 1133333599, 68297057, 48228251, 68297066, 30796153, 48228821, 30799960, 48238130, 32113709, 32113898, 48238133, 32113900, 30799089, 772046487, 772046486]
Warning: Incomplete multipolygon relation 1693195 (Avignon): using bbox of unclosed polygon to calc tiles, ways: [398984950, 32859876, 30799089, 68297065, 48276978, 82826121, 68297063, 48277648, 35086053, 35086054]
Warning: Incomplete multipolygon relation 1693196 (Carpentras): using bbox of unclosed polygon to calc tiles, ways: [35086054, 68297078, 35086057, 68297076, 68297064, 68297079, 48277872, 68297062, 35085478, 48278006, 48278148, 68297081, 48278552, 35085480, 35151995, 48278555, 38457157, 68296710, 48370832, 231513131, 36908321, 48370596, 68296705, 48369003, 35151998, 170328103]
Warning: Incomplete multipolygon relation 1770472 (Réserve nationale de chasse et faune sauvage d'Orlu): using bbox of unclosed polygon to calc tiles, ways: [131749304, 536737440, 209513139, 131749302, 136442800]
Warning: Incomplete multipolygon relation 1825914 (Quérigut): using bbox of unclosed polygon to calc tiles, ways: [135630271, 135630276, 140461373, 23301596, 140461344, 176909977]
Warning: Incomplete multipolygon relation 1837796 (Orlu): using bbox of unclosed polygon to calc tiles, ways: [136395077, 536737440, 209513139, 131749302, 136442800]
Warning: Incomplete multipolygon relation 1837897 (Artigues): using bbox of unclosed polygon to calc tiles, ways: [136442800, 131749306, 131749305, 135636809]
Warning: Incomplete multipolygon relation 1838009 (Le Pla): using bbox of unclosed polygon to calc tiles, ways: [135636809, 131749303, 135630271]
Warning: Incomplete multipolygon relation 1847529 (Clavières): using bbox of unclosed polygon to calc tiles, ways: [137087448, 137110009, 67513459, 421062062, 137107605]
Warning: Incomplete multipolygon relation 1895453 (Parc naturel marin du Golfe du Lion): using bbox of unclosed polygon to calc tiles, ways: [25097915, 25097922, 379739345, 694590095, 379739333, 25097912, 25097908, 25097907, 25097906, 169265626, 668495698, 25097918, 25100194, 25100223, 668495700, 160902798, 160902772, 160902807, 160902790, 160902743, 25100197, 25101087, 25101092, 25101089, 25101100, 25101858, 25101862, 63023760, 25101860, 25102659, 80445339, 25102898, 27011479, 28419905, 41416843, 25093901, 1037708903, 28428247, 1037708902, 683620179, 1037708906, 46430216, 1037708909, 46430192, 1040250706, 80445343, 1037708913, 80445332, 28428328, 234745726, 28419966, 234745730, 80238614, 493218399, 493218398, 1289071077, 234738947, 234734940, 910798456, 32376229, 234734938, 27926739, 32664117, 205402607, 31049839, 234727275, 41503460, 83098196, 683620181, 140124960, 683620182]
Warning: Incomplete multipolygon relation 2099539 (Camarès): using bbox of unclosed polygon to calc tiles, ways: [31150581, 31020113, 31020233, 31020897, 31233254, 31237321, 31236814, 31236343, 31021819, 23301681, 118109771]
Warning: Incomplete multipolygon relation 2099540 (Cornus): using bbox of unclosed polygon to calc tiles, ways: [31150582, 48594256, 31151039, 31151038, 41343752, 48596780, 48597959, 31020114, 31020233]
Warning: Incomplete multipolygon relation 2155078 (Communauté de communes Rhône Lez Provence): using bbox of unclosed polygon to calc tiles, ways: [72097312, 38457157, 68296710, 48370832, 231513131, 36908321, 48370596, 68296705, 48369003, 35151998, 170328103]
Warning: Incomplete multipolygon relation 2156555 (Communauté d'agglomération Les Sorgues du Comtat): using bbox of unclosed polygon to calc tiles, ways: [35086054, 35086053, 48277648, 68297063, 82826121, 48276978, 32859234]
Warning: Incomplete multipolygon relation 2167581 (Communauté d'agglomération Arles-Crau-Camargue-Montagnette): using bbox of unclosed polygon to calc tiles, ways: [32113897, 32113898, 32113709, 48238130, 30799960, 48228821, 30796153, 68297066, 48228251, 68297057, 1133333599, 48228246, 48616285, 53575107, 50841730, 41474864, 38163992, 772046485, 772046487, 772046486]
Warning: Incomplete multipolygon relation 2172304 (Foix): using bbox of unclosed polygon to calc tiles, ways: [136505047, 136505042, 135641442, 133084705, 135641438, 135656448, 135659235, 135659232, 135656444, 135656447, 135663510, 135636807, 135634308, 143882671, 143882668, 135630274, 140461344, 23301596, 140461373, 135630276, 131749303, 131749305, 131749306, 131749302, 209513139, 536737440, 83912359, 136391987, 536741577, 23301599, 536746109]
Warning: Incomplete multipolygon relation 2177382 (Alt Empordà): using bbox of unclosed polygon to calc tiles, ways: [589614407]
Warning: Incomplete multipolygon relation 2177382 (Alt Empordà): using bbox of unclosed polygon to calc tiles, ways: [45398563, 589614404, 589614403, 15412298, 45479910, 45479911, 399170682, 399170684, 45479908, 399168278, 25100193, 399168583, 25102667, 399168589, 45479909, 25116282, 32934055, 41362407, 399167526, 399165444, 41362408, 428399148, 45509288, 45509265, 537152668, 45509287, 25910273, 25910277, 25910276, 25787109, 45509286, 1073202857, 221180097, 221313368, 15412295, 45329873]
Warning: Incomplete multipolygon relation 2500786 (Ax-les-Thermes): using bbox of unclosed polygon to calc tiles, ways: [136505047, 136505042, 135641442, 133084705, 135641438, 135656448, 135659235, 135659232, 136441355]
Warning: Incomplete multipolygon relation 2500786 (Ax-les-Thermes): using bbox of unclosed polygon to calc tiles, ways: [136442800, 131749302, 209513139, 536737440, 83912359, 136391987, 536741577, 23301599, 536746109]
Warning: Incomplete multipolygon relation 2500798 (Quérigut): using bbox of unclosed polygon to calc tiles, ways: [140461344, 23301596, 140461373, 135630276, 131749303, 135630274, 131749305, 131749306, 136442800, 143882668, 143882671, 135634308, 135636807, 135663510, 135656447, 135656444, 136441355]
Warning: Incomplete multipolygon relation 2500825 (Saintes-Maries-de-la-Mer): using bbox of unclosed polygon to calc tiles, ways: [32317035, 48616285, 53575107, 50841730, 41474864, 38163992, 772046485, 772046487, 772046486]
Warning: Incomplete multipolygon relation 2500827 (Tarascon): using bbox of unclosed polygon to calc tiles, ways: [48238130, 32113709, 32113898, 30799960, 32113897, 48228821, 30799956]
Warning: Incomplete multipolygon relation 2500889 (Bollène): using bbox of unclosed polygon to calc tiles, ways: [72097312, 38457157, 68296710, 48370832, 231513131, 36908321, 48370596, 68296705, 48369003, 35151998, 170328103]
Warning: Incomplete multipolygon relation 2500891 (Bédarrides): using bbox of unclosed polygon to calc tiles, ways: [35086054, 35086053, 48277648, 68297063, 82826121, 48276978, 32859234]
Warning: Incomplete multipolygon relation 2500903 (France (zone économique exclusive en mer Méditerranée)): using bbox of unclosed polygon to calc tiles, ways: [771786819, 771466387, 770774375, 770774374, 1201072574, 683620179, 185998448]
Warning: Incomplete multipolygon relation 2500971 (Ruynes-en-Margeride): using bbox of unclosed polygon to calc tiles, ways: [33082644, 153954034, 153954027, 67509258, 137110009, 67513459, 421062062, 137107605, 33082654, 163057089, 49847679, 153969231, 153969232, 81238602, 82173504]
Warning: Incomplete multipolygon relation 2513238 (Anglès): using bbox of unclosed polygon to calc tiles, ways: [34834196, 34834195, 234866507, 37021147, 33883182, 404414488]
Warning: Incomplete multipolygon relation 2513247 (Labruguière): using bbox of unclosed polygon to calc tiles, ways: [103099141, 103722885, 34517852, 160082309, 160101904, 34517850]
Warning: Incomplete multipolygon relation 2513260 (Saint-Amans-Soult): using bbox of unclosed polygon to calc tiles, ways: [33877980, 33882452, 435602751, 1015767523, 34826435, 404414488, 404418567, 33884006, 947028729, 947028730, 94584678, 33874459, 94584644, 33873519, 94566095, 398987802, 31106249, 34375220, 34519289]
Warning: Incomplete multipolygon relation 2678456 (Privas): using bbox of unclosed polygon to calc tiles, ways: [190641100, 190641096, 190641095, 190641094, 170328098, 170328099, 170328105, 170328097, 170328103]
Warning: Incomplete multipolygon relation 2681444 (Largentière): using bbox of unclosed polygon to calc tiles, ways: [84963608, 49925698, 126112944, 126112940, 125295337, 126718340, 126718370, 71214043, 85275012, 85275008, 85275003, 85274994, 66831113, 71214035, 85080717, 298451131, 49976968, 85080723, 50835278, 42422684, 50835273, 82426153, 82390717, 190675593, 74465636, 1081619207, 1081619208, 625456153, 299669329, 223139340, 223139342, 625430553, 625354399, 625354408, 625354406, 33901400, 625354411, 625354410, 625354409, 221495772, 141200001, 221645331, 141200002, 141199999, 32065000, 33901871, 30953882, 33901872, 32065093, 50835987, 51893824, 202327950, 83101121, 221107497, 221600776, 142028499, 62370201, 142028494, 140415166, 140415174, 142028490, 41384033, 48360435, 382197881, 48360433, 828399722, 48361201, 132546392, 48362157, 48362159, 190641100]
Warning: Incomplete multipolygon relation 2727683 (Vallées d'Ax): using bbox of unclosed polygon to calc tiles, ways: [136505047, 136505042, 135641442, 133084705, 135641438, 135656448, 135659235, 135659232, 136441355]
Warning: Incomplete multipolygon relation 2727683 (Vallées d'Ax): using bbox of unclosed polygon to calc tiles, ways: [136442800, 131749302, 209513139, 536737440, 83912359, 136391987, 536741577, 23301599, 536746109]
Warning: Incomplete multipolygon relation 2727685 (Donezan): using bbox of unclosed polygon to calc tiles, ways: [135663510, 135656447, 135656444, 136441355, 135636807, 135634308, 143882671, 143882668, 135630274, 140461344, 23301596, 140461373, 135630276, 131749303, 131749305, 131749306, 136442800]
Warning: Incomplete multipolygon relation 2780542 (Parc naturel régional du Haut-Languedoc): using bbox of unclosed polygon to calc tiles, ways: [118109771, 23301681, 31021819, 31236343, 31236814, 31237321, 31233254, 31020897, 31150581, 31020113, 31020114, 48597959, 31150582, 48594256, 31151039, 31151038, 37184275, 31151302, 31151301, 37184274, 31246196, 31246197, 31246199, 31253436, 41345826, 37034366, 37034368, 31254013, 36957311, 36957310, 36925902, 36925900, 36958725, 36987633, 41277260, 37021277, 36987634, 36974649, 36958260, 36958258, 41121134, 325803713, 304490164, 41224977, 36974606, 37034101, 37034109, 37034108, 36986379, 41051033, 41050507, 36986381, 36906022, 41048829, 36913769, 41048822, 41048826, 206843012, 217618717, 36902159, 206847187, 36902089, 36902092, 35040980, 36918721, 35039220, 34376435, 201126913, 33885920, 34376437, 34376433, 33875540, 33845537, 398987799, 398987796, 398987805, 33846761, 23301708, 33873519, 94566095, 398987802, 31106249, 34375220, 34519289]
Warning: Incomplete multipolygon relation 2780542 (Parc naturel régional du Haut-Languedoc): using bbox of unclosed polygon to calc tiles, ways: [34517850, 160101904, 160082309, 34517852, 103722885, 157523136, 160011611, 160011617, 160011612, 103078768, 235637285, 81086750, 157415279, 157415280, 103943335, 29466078, 31143968, 208251345, 34064438, 208251344, 23301737]
Warning: Incomplete multipolygon relation 2804754 (Canillo): using bbox of unclosed polygon to calc tiles, ways: [208550568, 23305159, 50344406, 536746109]
Warning: Incomplete multipolygon relation 2804755 (Encamp): using bbox of unclosed polygon to calc tiles, ways: [208550568, 377842208, 536744887, 536744888, 208557122]
Warning: Incomplete multipolygon relation 2805972 (Cerdanya): using bbox of unclosed polygon to calc tiles, ways: [45358322, 45504154, 48719598, 31059440, 31059443, 45504159, 45504160, 48719471, 45504157, 5820017, 155174610, 208557122]
Warning: Incomplete multipolygon relation 2806754 (Ripollès): using bbox of unclosed polygon to calc tiles, ways: [45329877, 220706761, 428399143, 45509277, 45509280, 540042643, 220340562, 214780493, 45509278, 504713076, 50402860, 1158562302, 50402862, 30814199, 45504150, 45504161, 45504152, 48719597, 401352046, 45504151, 45358322]
Warning: Incomplete multipolygon relation 2806999 (Garrotxa): using bbox of unclosed polygon to calc tiles, ways: [45329873, 45509284, 45329877]
Warning: Incomplete multipolygon relation 2832660 (Saint-Flour): using bbox of unclosed polygon to calc tiles, ways: [36902846, 42163017, 42163041, 42163044, 153969740, 33082651, 33082875, 81238609, 49847667, 49847673, 33082681, 81238606, 33082828, 81238573, 81238602, 153969232, 153969231, 49847679, 163057089, 33082654, 33082644, 153954034, 153954027, 67509258, 137110009, 67513459, 421062062, 137107605]
Warning: Incomplete multipolygon relation 2909262 (Comarques gironines (Girona)): using bbox of unclosed polygon to calc tiles, ways: [45358322, 45504151, 401352046, 48719597, 45504152, 45504161, 45504150, 30814199, 50402862, 1158562302, 50402860, 504713076, 45509278, 214780493, 220340562, 540042643, 45509280, 45509277, 428399143, 220706761, 45509284, 15412295, 221313368, 221180097, 1073202857, 45509286, 25787109, 25910276, 25910277, 25910273, 45509287, 537152668, 45509265, 45509288, 428399148, 41362408, 399165444, 399167526, 41362407, 32934055, 25116282, 45479909, 399168589, 25102667, 399168583, 25100193, 399168278, 45479908, 399170684, 399170682, 45479911, 45479910, 15412298, 589614403, 589614404, 45398563]
Warning: Incomplete multipolygon relation 2909262 (Comarques gironines (Girona)): using bbox of unclosed polygon to calc tiles, ways: [589614407]
Warning: Incomplete multipolygon relation 2909263 (Alt Pirineu i Aran (Girona)): using bbox of unclosed polygon to calc tiles, ways: [45358322, 45504154, 48719598, 31059440, 31059443, 45504159, 45504160, 48719471, 45504157, 5820017, 45369618]
Warning: Incomplete multipolygon relation 2909264 (Alt Pirineu i Aran (Lleida)): using bbox of unclosed polygon to calc tiles, ways: [208557122, 155174610, 45369618]
Warning: Incomplete multipolygon relation 2975686 (Communauté de communes du Pays de Saint-Flour Margeride): using bbox of unclosed polygon to calc tiles, ways: [137107605, 421062062, 67513459, 137110009, 67509258, 153954027, 153954034, 33082644, 33082654, 163057089, 49847679, 153969231, 153969232, 81238602, 82173504]
Warning: Incomplete multipolygon relation 3061088 (Thoras): using bbox of unclosed polygon to calc tiles, ways: [228524949, 228540883, 67521909, 228547188]
Warning: Incomplete multipolygon relation 3067479 (La Besseyre-Saint-Mary): using bbox of unclosed polygon to calc tiles, ways: [228891739, 228187981, 227900854]
Warning: Incomplete multipolygon relation 3067483 (Auvers): using bbox of unclosed polygon to calc tiles, ways: [137107605, 228891738, 228891739]
Warning: Incomplete multipolygon relation 3070420 (Brioude): using bbox of unclosed polygon to calc tiles, ways: [228370328, 67524085, 67522906, 67028815, 228335249, 228336672, 67522896, 228524949, 67521909, 228472478, 67521907, 33082824, 67513444, 228472065, 228187982, 67513483, 228187981, 228891738, 137107605]
Warning: Incomplete multipolygon relation 3070731 (Le Puy-en-Velay): using bbox of unclosed polygon to calc tiles, ways: [84963608, 125295331, 125591273, 125591281, 125591277, 126108966, 126108939, 125295339, 125295335, 126108964, 126108965, 71214046, 49942425, 442062932, 50321113, 442062934, 71214040, 71295473, 67524087, 228370328]
Warning: Incomplete multipolygon relation 3071939 (Pinols): using bbox of unclosed polygon to calc tiles, ways: [227900854, 228187981, 228891738, 137107605]
Warning: Incomplete multipolygon relation 3071940 (Saugues): using bbox of unclosed polygon to calc tiles, ways: [228524949, 67522896, 228336672, 228335249, 67028815, 67522906, 67524085, 228370328, 67521909, 228472478, 67521907, 33082824, 67513444, 228472065, 228187982, 67513483, 227900854]
Warning: Incomplete multipolygon relation 3091219 (Communauté de communes du Pays de Saugues): using bbox of unclosed polygon to calc tiles, ways: [228524949, 67522896, 228336672, 228335249, 67028815, 67522906, 67524085, 228370328, 67521909, 228472478, 67521907, 33082824, 67513444, 228472065, 228187982, 67513483, 228187981, 228891738, 137107605]
Warning: Incomplete multipolygon relation 3406146 (Communauté de communes Cèze Cévennes): using bbox of unclosed polygon to calc tiles, ways: [221073281, 221078574, 221078575, 30952891, 70562040, 196615008, 135828703, 30953027, 30952858, 30953028, 30952814, 30952715, 30953932, 221268359, 141199996, 32065000, 33901871, 30953882, 33901872, 32065093, 50835987, 51893824, 202327950, 83101079, 194916002, 221073282, 221094387, 221094388, 221586209, 221616939, 48375130, 48375129, 48367815, 48367822, 48367816, 221855905, 142028493, 41384033, 142028490, 140415174, 140415166, 142028494, 62370201, 83101086]
Warning: Incomplete multipolygon relation 3408409 (Communauté de Communes du Rougier de Camarès): using bbox of unclosed polygon to calc tiles, ways: [31020897, 31150581, 31020113, 31020233, 31233254, 31237321, 31236814, 31236343, 31021819, 23301681, 118109771]
Warning: Incomplete multipolygon relation 3792877 (Auvergne-Rhône-Alpes): using bbox of unclosed polygon to calc tiles, ways: [170328103, 170328097, 170328105, 170328099, 170328098, 190641094, 190641095, 190641096, 48362159, 48362157, 132546392, 48361201, 828399722, 48360433, 382197881, 48360435, 41384033, 142028490, 140415174, 140415166, 142028494, 62370201, 142028499, 221600776, 221107497, 83101121, 202327950, 51893824, 50835987, 32065093, 33901872, 30953882, 33901871, 32065000, 141199999, 141200002, 221645331, 141200001, 221495772, 625354409, 625354410, 625354411, 33901400, 625354406, 625354408, 625354399, 625430553, 223139342, 223139340, 299669329, 625456153, 1081619208, 1081619207, 74465636, 190675593, 82390717, 82426153, 50835273, 42422684, 50835278, 85080723, 49976968, 298451131, 85080717, 71214035, 66831113, 85274994, 85275003, 85275008, 85275012, 71214043, 126718370, 126718340, 125295337, 126112940, 126112944, 49925698, 125295331, 125591273, 125591281, 125591277, 126108966, 126108939, 125295339, 125295335, 126108964, 126108965, 71214046, 49942425, 442062932, 50321113, 442062934, 71214040, 71295473, 67524087, 67524085, 67522906, 67028815, 228335249, 228336672, 67522896, 228524949, 67521909, 228472478, 67521907, 33082824, 67513444, 228472065, 228187982, 67513483, 228187981, 228891738, 421062062, 67513459, 137110009, 67509258, 153954027, 153954034, 33082644, 33082654, 163057089, 49847679, 153969231, 153969232, 81238602, 81238573, 33082828, 81238606, 33082681, 49847673, 49847667, 81238609, 33082875, 33082651, 153969740, 42163044, 42163041, 42163017, 36902846]
Warning: Incomplete multipolygon relation 3792883 (Occitanie): using bbox of unclosed polygon to calc tiles, ways: [36902846, 42163017, 42163041, 42163044, 153969740, 33082651, 33082875, 81238609, 49847667, 49847673, 33082681, 81238606, 33082828, 81238573, 81238602, 153969232, 153969231, 49847679, 163057089, 33082654, 33082644, 153954034, 153954027, 67509258, 137110009, 67513459, 421062062, 228891738, 228187981, 67513483, 228187982, 228472065, 67513444, 33082824, 67521907, 228472478, 67521909, 228524949, 67522896, 228336672, 228335249, 67028815, 67522906, 67524085, 67524087, 71295473, 71214040, 442062934, 50321113, 442062932, 49942425, 71214046, 126108965, 126108964, 125295335, 125295339, 126108939, 126108966, 125591277, 125591281, 125591273, 125295331, 49925698, 126112944, 126112940, 125295337, 126718340, 126718370, 71214043, 85275012, 85275008, 85275003, 85274994, 66831113, 71214035, 85080717, 298451131, 49976968, 85080723, 50835278, 42422684, 50835273, 82426153, 82390717, 190675593, 74465636, 1081619207, 1081619208, 625456153, 299669329, 223139340, 223139342, 625430553, 625354399, 625354408, 625354406, 33901400, 625354411, 625354410, 625354409, 221495772, 141200001, 221645331, 141200002, 141199999, 32065000, 33901871, 30953882, 33901872, 32065093, 50835987, 51893824, 202327950, 83101121, 221107497, 221600776, 142028499, 62370201, 142028494, 140415166, 140415174, 142028490, 41384033, 48360435, 382197881, 48360433, 828399722, 48361201, 132546392, 48362157, 48362159, 190641096, 190641095, 190641094, 170328098, 170328099, 170328105, 170328097, 35151998, 48369003, 68296705, 48370596, 36908321, 231513131, 48370832, 68296710, 38457157, 48278555, 35151995, 35085480, 48278552, 68297081, 48278148, 48278006, 35085478, 68297062, 48277872, 68297079, 68297064, 68297076, 35086057, 68297078, 35086053, 48277648, 68297063, 82826121, 48276978, 68297065, 398984950, 32859876, 32113900, 48238133, 32113898, 32113709, 48238130, 30799960, 48228821, 30796153, 68297066, 48228251, 68297057, 1133333599, 48228246, 48616285, 53575107, 50841730, 41474864, 38163992, 772046485, 8148248, 31058180, 772046449, 667816734, 433543101, 488961550, 488961551, 433543081, 401479740, 42132699, 488961548, 488961549, 422382103, 422382105, 422382101, 422382098, 11151867, 422435970, 422435973, 422435971, 422435980, 422435962, 422435988, 422435978, 422435984, 422435987, 422435995, 422435963, 422435989, 422435993, 422435998, 422435966, 422435996, 422435975, 422435981, 422435968, 422435999, 422435961, 422435986, 422435964, 422435991, 422435969, 422436000, 422435967, 422435974, 422436009, 422435955, 422436008, 422436013, 422435951, 422435952, 422436011, 11151512, 422435954, 422435953, 422435956, 422436015, 488961546, 488961547, 283112389, 35678332, 11151098, 283112391, 84807659, 488961540, 488961541, 772046446, 26788424, 42809499, 20569813, 31050165, 20569460, 72457497, 72457468, 72457499, 234793054, 72457464, 72457470, 72457481, 72457463, 20492985, 166895991, 166895981, 166895997, 166895994, 166895996, 166895992, 166895995, 166895993, 72457491, 166895998, 166895987, 166895999, 83930891, 166895986, 97216917, 97216923, 206124794, 206124793, 206124795, 178252820, 114576737, 178252833, 178252832, 398923995, 178252831, 398923994, 178252841, 178252826, 178252838, 178252834, 234734933, 398926512, 388533123, 234734928, 215400206, 178252819, 178252829, 178252835, 114576735, 178252845, 143863674, 178252846, 178252825, 49265354, 10116727, 143863673, 1055020661, 234729379, 388620587, 176632011, 1197815397, 234729377, 83098196, 41503460, 234727275, 31049839, 205402607, 32664117, 27926739, 234734938, 32376229, 910798456, 234734940, 234738947, 1289071077, 493218398, 493218399, 80238614, 234745730, 28419966, 234745726, 28428328, 80445332, 1037708913, 80445343, 1040250706, 1037708909, 1037708906, 1037708902, 1037708903, 25093901, 41416843, 28419905, 27011479, 25102898, 80445339, 25102659, 25101860, 63023760, 25101862, 25101858, 25101100, 25101089, 25101092, 25101087, 25100197, 160902743, 160902790, 160902807, 160902772, 160902798, 668495700, 25100223, 25100194, 25097918, 668495698, 169265626, 25097906, 25097907, 25097908, 25097912, 379739333, 694590095, 379739345, 25097922, 25097915, 15412298, 45479910, 45479911, 399170682, 399170684, 45479908, 399168278, 25100193, 399168583, 25102667, 399168589, 45479909, 25116282, 32934055, 41362407, 399167526, 399165444, 41362408, 428399148, 45509288, 45509265, 537152668, 45509287, 25910273, 25910277, 25910276, 25787109, 45509286, 1073202857, 221180097, 221313368, 15412295, 45509284, 220706761, 428399143, 45509277, 45509280, 540042643, 220340562, 214780493, 45509278, 504713076, 50402860, 1158562302, 50402862, 30814199, 45504150, 45504161, 45504152, 48719597, 401352046, 45504151, 45504154, 48719598, 31059440, 31059443, 45504159, 45504160, 48719471, 45504157, 5820017, 155174610, 536744888, 536744887, 377842208, 23305159, 50344406, 536746109]
Warning: rel 3792883 touches 18 tiles.
Warning: Incomplete multipolygon relation 3870917 (Iberia): using bbox of unclosed polygon to calc tiles, ways: [536746109, 50344406, 23305159, 377842208, 536744887, 536744888, 155174610, 5820017, 45504157, 48719471, 45504160, 45504159, 31059443, 31059440, 48719598, 45504154, 45504151, 401352046, 48719597, 45504152, 45504161, 45504150, 30814199, 50402862, 1158562302, 50402860, 504713076, 45509278, 214780493, 220340562, 540042643, 45509280, 45509277, 428399143, 220706761, 45509284, 15412295, 221313368, 221180097, 1073202857, 45509286, 25787109, 25910276, 25910277, 25910273, 45509287, 537152668, 45509265, 45509288, 428399148, 41362408, 399165444, 399167526, 41362407, 32934055, 25116282, 45479909, 399168589, 25102667, 399168583, 25100193, 399168278, 45479908, 399170684, 399170682, 45479911, 45479910, 15412298, 589614403, 589614404, 45398563]
Warning: Incomplete multipolygon relation 3870917 (Iberia): using bbox of unclosed polygon to calc tiles, ways: [589614407]
Warning: Incomplete multipolygon relation 4613952 (Alta Garrotxa-Massís de les Salines): using bbox of unclosed polygon to calc tiles, ways: [428401733, 428399148, 45509288, 45509265, 537152668, 45509287, 25910273, 25910277, 25910276, 25787109, 45509286, 1073202857, 221180097, 221313368, 15412295, 45509284, 220706761, 428399131]
Warning: Incomplete multipolygon relation 4613952 (Alta Garrotxa-Massís de les Salines): using bbox of unclosed polygon to calc tiles, ways: [45363602, 428402600]
Warning: Incomplete multipolygon relation 5393067 (Parc naturel régional de Camargue): using bbox of unclosed polygon to calc tiles, ways: [1133333601, 1133333599, 48228246, 48616285, 53575107, 50841730, 41474864, 38163992, 772046485, 772046487, 772046486]
Warning: Incomplete multipolygon relation 5555693 (Parc naturel régional des Grands Causses): using bbox of unclosed polygon to calc tiles, ways: [33473490, 42163096, 53507022, 101848715, 53507015, 31303515, 42163100, 42163101, 31297239, 42163102, 31137032, 1024348500, 269797514, 42163103, 42163105, 31132334, 42163107, 326543573, 42438772, 31132335, 161461781, 31131760, 31128025, 48378838, 31128029, 31046554, 31047140, 48378840, 48378841, 35608012, 35608011, 31046469, 48379130, 55275712, 55275714, 48379124, 48598735, 48599924, 48377967, 48377966, 933870354, 48378390, 1155093308, 48596795, 174309611, 37034919, 48594257, 41343752, 31151038, 31151039, 48594256, 31150582, 48597959, 31020114, 31020113, 31150581, 31020897, 31233254, 31237321, 31236814, 31236343, 31021819, 23301681, 118109771]
Warning: Incomplete multipolygon relation 5827789 (Thoras): using bbox of unclosed polygon to calc tiles, ways: [228524949, 67521909, 228547188, 67522896, 228336672, 228336673]
Warning: Incomplete multipolygon relation 5962765 (Académie d'Aix-Marseille): using bbox of unclosed polygon to calc tiles, ways: [772046486, 772046487, 772046485, 38163992, 41474864, 50841730, 53575107, 48616285, 48228246, 1133333599, 68297057, 48228251, 68297066, 30796153, 48228821, 30799960, 48238130, 32113709, 32113898, 48238133, 32113900, 32859876, 398984950, 68297065, 48276978, 82826121, 68297063, 48277648, 35086053, 68297078, 35086057, 68297076, 68297064, 68297079, 48277872, 68297062, 35085478, 48278006, 48278148, 68297081, 48278552, 35085480, 35151995, 48278555, 38457157, 68296710, 48370832, 231513131, 36908321, 48370596, 68296705, 48369003, 35151998, 170328103]
Warning: Incomplete multipolygon relation 5962778 (Académie de Clermont-Ferrand): using bbox of unclosed polygon to calc tiles, ways: [84963608, 125295331, 125591273, 125591281, 125591277, 126108966, 126108939, 125295339, 125295335, 126108964, 126108965, 71214046, 49942425, 442062932, 50321113, 442062934, 71214040, 71295473, 67524087, 67524085, 67522906, 67028815, 228335249, 228336672, 67522896, 228524949, 67521909, 228472478, 67521907, 33082824, 67513444, 228472065, 228187982, 67513483, 228187981, 228891738, 421062062, 67513459, 137110009, 67509258, 153954027, 153954034, 33082644, 33082654, 163057089, 49847679, 153969231, 153969232, 81238602, 81238573, 33082828, 81238606, 33082681, 49847673, 49847667, 81238609, 33082875, 33082651, 153969740, 42163044, 42163041, 42163017, 36902846]
Warning: rel 5962788 touches 18 tiles.
Warning: Incomplete multipolygon relation 5962799 (Académie de Toulouse): using bbox of unclosed polygon to calc tiles, ways: [36902846, 33425937, 36901414, 36901415, 33425108, 33452109, 36811192, 42163093, 33473489, 42163096, 53507022, 101848715, 53507015, 31303515, 42163100, 42163101, 31297239, 42163102, 31137032, 1024348500, 269797514, 42163103, 42163105, 31132334, 42163107, 326543573, 42438772, 31132335, 161461781, 31131760, 31128025, 48378838, 31128029, 31046554, 31047140, 48378840, 48378841, 35608012, 35608011, 31046469, 48379130, 55275712, 55275714, 48379124, 48598735, 48599924, 48377967, 48377966, 933870354, 48378390, 1155093308, 48596795, 174309611, 37034919, 48594257, 41343752, 31151038, 31151039, 48594256, 31150582, 48597959, 31020114, 31020113, 31150581, 31020897, 31233254, 31237321, 31236814, 31236343, 31021819, 23301681, 23301589, 36957882, 118102955, 36987138, 118102942, 37021145, 34834195, 234866507, 37021147, 33883182, 34826435, 1015767523, 435602751, 33882452, 33877980, 404418567, 33884006, 947028729, 947028730, 94584678, 33874459, 94584644, 33873519, 94566095, 398987802, 31106249, 34375220, 33847876, 31106251, 34339899, 34339900, 34339901, 34340125, 404568932, 163096437, 163077596, 34340126, 160101888, 160101904, 160082309, 34517852, 103722885, 157523136, 160011611, 160011617, 160011612, 103078768, 235637285, 81086750, 157415279, 157415280, 103943335, 29466078, 31143968, 208251345, 34064438, 208251344, 23301632, 31143969, 34243091, 34243092, 81028085, 34242660, 32948728, 80838171, 31106453, 31106454, 80589228, 235431847, 36602487, 36602486, 42380168, 80608624, 80608634, 82302806, 34058664, 80625130, 1015941579, 722199697, 80638308, 590793374, 153996011, 154839723, 81295955, 81295958, 81295969, 97374033, 97452856, 97452877, 97529700, 97529719, 132576285, 153793709, 153794465, 132863224, 132761132, 132761128, 93851932, 132761131, 1206387132, 151692372, 149377605, 132380175, 149139001, 148218667, 132707999, 132687678, 148208492, 132687681, 132687680, 132665900, 135706555, 149765843, 135805474, 134191711, 133721660, 134191715, 187742230, 187742231, 134191714, 135472766, 134068082, 135472767, 132310642, 191926923, 133084704, 133407959, 133544280, 149920704, 136505042, 135641442, 133084705, 135641438, 135656448, 135659235, 135659232, 135656444, 135656447, 135663510, 135636807, 135634308, 143882671, 143882668, 135630274, 140461344, 23301596, 140461373, 135630276, 131749303, 131749305, 131749306, 131749302, 209513139, 536737440, 83912359, 136391987, 536741577, 23301599, 536746109]
Warning: rel 5962799 touches 10 tiles.
Warning: Incomplete multipolygon relation 6491134 (Zona Horaria de Europa/Madrid): using bbox of unclosed polygon to calc tiles, ways: [208557122, 155174610, 5820017, 45504157, 48719471, 45504160, 45504159, 31059443, 31059440, 48719598, 45504154, 45504151, 401352046, 48719597, 45504152, 45504161, 45504150, 30814199, 50402862, 1158562302, 50402860, 504713076, 45509278, 214780493, 220340562, 540042643, 45509280, 45509277, 428399143, 220706761, 45509284, 15412295, 221313368, 221180097, 1073202857, 45509286, 25787109, 25910276, 25910277, 25910273, 45509287, 537152668, 45509265, 45509288, 428399148, 41362408, 399165444, 399167526, 41362407, 32934055, 25116282, 45479909, 399168589, 25102667, 399168583, 25100193, 399168278, 45479908, 399170684, 399170682, 45479911, 45479910, 15412298, 28428247, 185998448]
Warning: Incomplete multipolygon relation 6840647 (Saint-Flour Communauté): using bbox of unclosed polygon to calc tiles, ways: [36902846, 42163017, 42163041, 42163044, 153969740, 33082651, 33082875, 81238609, 49847667, 49847673, 33082681, 81238606, 33082828, 81238573, 81238602, 153969232, 153969231, 49847679, 163057089, 33082654, 33082644, 153954034, 153954027, 67509258, 137110009, 67513459, 421062062, 137107605]
Warning: Incomplete multipolygon relation 6876798 (Communauté de communes des Rives du Haut Allier): using bbox of unclosed polygon to calc tiles, ways: [228336673, 228336672, 67522896, 228524949, 67521909, 228472478, 67521907, 33082824, 67513444, 228472065, 228187982, 67513483, 228187981, 228891738, 137107605]
Warning: Incomplete multipolygon relation 7008877 (Communauté de communes de la Haute Ariège): using bbox of unclosed polygon to calc tiles, ways: [131749303, 131749305, 131749306, 131749302, 209513139, 536737440, 83912359, 136391987, 536741577, 23301599, 536746109, 135630276, 140461373, 23301596, 140461344, 135630274, 143882668, 143882671, 135634308, 135636807, 135663510, 135656447, 135656444, 135659232, 135659235, 135656448, 135641438, 133084705, 135641442, 136505042, 136505047]
Warning: Incomplete multipolygon relation 7008920 (Communauté de communes Monts, Rance et Rougier): using bbox of unclosed polygon to calc tiles, ways: [31020233, 31020113, 31150581, 31020897, 31233254, 31237321, 31236814, 31236343, 31021819, 23301681, 118109771]
Warning: Incomplete multipolygon relation 7008937 (Communauté de communes des Monts de Lacaune et de la Montagne du Haut Languedoc): using bbox of unclosed polygon to calc tiles, ways: [31021819, 31236815, 31237320, 41224969, 41224963, 36977474, 41224974, 41224970, 41276425, 41224975, 41274992, 36987135, 41273564, 41273057, 41272474, 41271718, 37021144, 37297736, 41271239, 34388454, 33883182, 404414488, 23301681, 118109771]
Warning: Incomplete multipolygon relation 8211782 (Massif central): using bbox of unclosed polygon to calc tiles, ways: [1066420845, 1066528835, 1066528836, 229728801]
Warning: rel 8211782 touches 15 tiles.
Warning: Incomplete multipolygon relation 9287303 (Golfe du Lion / Golfo de León): using bbox of unclosed polygon to calc tiles, ways: [772046442]
Warning: Incomplete multipolygon relation 9287303 (Golfe du Lion / Golfo de León): using bbox of unclosed polygon to calc tiles, ways: [772046486, 772046487, 8148248, 31058180, 772046449, 667816734, 433543101, 488961550, 488961551, 433543081, 401479740, 42132699, 488961548, 488961549, 422382103, 422382105, 422382101, 422382098, 11151867, 422435970, 422435973, 422435971, 422435980, 422435962, 422435988, 422435978, 422435984, 422435987, 422435995, 422435963, 422435989, 422435993, 422435998, 422435966, 422435996, 422435975, 422435981, 422435968, 422435999, 422435961, 422435986, 422435964, 422435991, 422435969, 422436000, 422435967, 422435974, 422436009, 422435955, 422436008, 422436013, 422435951, 422435952, 422436011, 11151512, 422435954, 422435953, 422435956, 422436015, 488961546, 488961547, 283112389, 35678332, 11151098, 283112391, 84807659, 488961540, 488961541, 772046446, 26788424, 42809499, 20569813, 31050165, 20569460, 72457497, 72457468, 72457499, 234793054, 72457464, 72457470, 72457481, 72457463, 20492985, 166895991, 166895981, 166895997, 166895994, 166895996, 166895992, 166895995, 166895993, 72457491, 166895998, 166895987, 166895999, 83930891, 166895986, 97216917, 97216923, 206124794, 206124793, 206124795, 178252820, 114576737, 178252833, 178252832, 398923995, 178252831, 398923994, 178252841, 178252826, 178252838, 178252834, 234734933, 398926512, 388533123, 234734928, 215400206, 178252819, 178252829, 178252835, 114576735, 178252845, 143863674, 178252846, 178252825, 49265354, 10116727, 143863673, 1055020661, 234729379, 388620587, 176632011, 1197815397, 234729377, 83098196, 41503460, 234727275, 31049839, 205402607, 32664117, 27926739, 234734938, 32376229, 910798456, 234734940, 234738947, 1289071077, 493218398, 493218399, 80238614, 234745730, 28419966, 234745726, 28428328, 80445332, 1037708913, 80445343, 1040250706, 1037708909, 1037708906, 1037708902, 1037708903, 25093901, 41416843, 28419905, 27011479, 25102898, 80445339, 25102659, 25101860, 63023760, 25101862, 25101858, 25101100, 25101089, 25101092, 25101087, 25100197, 160902743, 160902790, 160902807, 160902772, 160902798, 668495700, 25100223, 25100194, 25097918, 668495698, 169265626, 25097906, 25097907, 25097908, 25097912, 379739333, 694590095, 379739345, 25097922, 25097915, 589614403, 589614404, 45398563]
Warning: Incomplete multipolygon relation 9287303 (Golfe du Lion / Golfo de León): using bbox of unclosed polygon to calc tiles, ways: [589614407]
Warning: Incomplete multipolygon relation 10696345 (France (zone contigüe en mer Méditerranée)): using bbox of unclosed polygon to calc tiles, ways: [771176059, 771176058, 771176057, 771176056, 771176055, 770774510, 771176060, 770774512, 771176061]
Warning: Incomplete multipolygon relation 10696345 (France (zone contigüe en mer Méditerranée)): using bbox of unclosed polygon to calc tiles, ways: [185998448, 683620179, 1201072574, 770774374, 770774375, 771466387, 771786819]
Warning: Incomplete multipolygon relation 10706296 (France (eaux intérieures en mer Méditerranée)): using bbox of closed polygon to calc tiles, ways: [772046448, 772046447, 772046444, 772046449, 667816734, 433543101, 488961550, 488961551, 433543081, 401479740, 42132699, 488961548, 488961549, 422382103, 422382105, 422382101, 422382098, 11151867, 422435970, 422435973, 422435971, 422435980, 422435962, 422435988, 422435978, 422435984, 422435987, 422435995, 422435963, 422435989, 422435993, 422435998, 422435966, 422435996, 422435975, 422435981, 422435968, 422435999, 422435961, 422435986, 422435964, 422435991, 422435969, 422436000, 422435967, 422435974, 422436009, 422435955, 422436008, 422436013, 422435951, 422435952, 422436011, 11151512, 422435954, 422435953, 422435956, 422436015, 488961546, 488961547, 283112389, 35678332, 11151098, 283112391, 84807659, 488961540, 488961541, 772046446]
Warning: Incomplete multipolygon relation 11271595 (PETR de l'Ariège): using bbox of unclosed polygon to calc tiles, ways: [536746109, 23301599, 536741577, 136391987, 83912359, 536737440, 209513139, 131749302, 131749306, 131749305, 131749303, 135630276, 140461373, 23301596, 140461344, 135630274, 143882668, 143882671, 135634308, 135636807, 135663510, 135656447, 135656444, 135659232, 135659235, 135656448, 135641438, 133084705, 135641442, 136505042, 149920704, 133544280, 133407959, 133084704, 191926923, 132310642, 135472767, 134068082, 135472766, 134191714, 187742231, 187742230, 134191715, 133721660, 134191711, 135805474, 149765843, 135706555, 132665900, 132687680, 132687681, 148208492, 132687678, 132707999, 148218667, 149139001, 132380175, 149377605, 151692372, 1206387132, 132761131, 93851932, 132761128, 132761132, 132863224, 153794465, 153793709, 132576285, 23301716]
Warning: Incomplete multipolygon relation 11272705 (Pays d'Arles): using bbox of unclosed polygon to calc tiles, ways: [30799089, 32113900, 48238133, 32113898, 32113709, 48238130, 30799960, 48228821, 30796153, 68297066, 48228251, 68297057, 1133333599, 48228246, 48616285, 53575107, 50841730, 41474864, 38163992, 772046485, 772046487, 772046486]
Warning: Incomplete multipolygon relation 11278207 (Zone de défense et de sécurité Sud-Est): using bbox of unclosed polygon to calc tiles, ways: [170328103, 170328097, 170328105, 170328099, 170328098, 190641094, 190641095, 190641096, 48362159, 48362157, 132546392, 48361201, 828399722, 48360433, 382197881, 48360435, 41384033, 142028490, 140415174, 140415166, 142028494, 62370201, 142028499, 221600776, 221107497, 83101121, 202327950, 51893824, 50835987, 32065093, 33901872, 30953882, 33901871, 32065000, 141199999, 141200002, 221645331, 141200001, 221495772, 625354409, 625354410, 625354411, 33901400, 625354406, 625354408, 625354399, 625430553, 223139342, 223139340, 299669329, 625456153, 1081619208, 1081619207, 74465636, 190675593, 82390717, 82426153, 50835273, 42422684, 50835278, 85080723, 49976968, 298451131, 85080717, 71214035, 66831113, 85274994, 85275003, 85275008, 85275012, 71214043, 126718370, 126718340, 125295337, 126112940, 126112944, 49925698, 125295331, 125591273, 125591281, 125591277, 126108966, 126108939, 125295339, 125295335, 126108964, 126108965, 71214046, 49942425, 442062932, 50321113, 442062934, 71214040, 71295473, 67524087, 67524085, 67522906, 67028815, 228335249, 228336672, 67522896, 228524949, 67521909, 228472478, 67521907, 33082824, 67513444, 228472065, 228187982, 67513483, 228187981, 228891738, 421062062, 67513459, 137110009, 67509258, 153954027, 153954034, 33082644, 33082654, 163057089, 49847679, 153969231, 153969232, 81238602, 81238573, 33082828, 81238606, 33082681, 49847673, 49847667, 81238609, 33082875, 33082651, 153969740, 42163044, 42163041, 42163017, 36902846]
Warning: Incomplete multipolygon relation 11278320 (Zone de défense et de sécurité Sud): using bbox of unclosed polygon to calc tiles, ways: [771786819, 771466387, 770774375, 770774374, 1201072574, 683620179, 28428247, 15412298, 45479910, 45479911, 399170682, 399170684, 45479908, 399168278, 25100193, 399168583, 25102667, 399168589, 45479909, 25116282, 32934055, 41362407, 399167526, 399165444, 41362408, 428399148, 45509288, 45509265, 537152668, 45509287, 25910273, 25910277, 25910276, 25787109, 45509286, 1073202857, 221180097, 221313368, 15412295, 45509284, 220706761, 428399143, 45509277, 45509280, 540042643, 220340562, 214780493, 45509278, 504713076, 50402860, 1158562302, 50402862, 30814199, 45504150, 45504161, 45504152, 48719597, 401352046, 45504151, 45504154, 48719598, 31059440, 31059443, 45504159, 45504160, 48719471, 45504157, 5820017, 155174610, 536744888, 536744887, 377842208, 23305159, 50344406, 536746109]
Warning: Incomplete multipolygon relation 11278320 (Zone de défense et de sécurité Sud): using bbox of unclosed polygon to calc tiles, ways: [36902846, 42163017, 42163041, 42163044, 153969740, 33082651, 33082875, 81238609, 49847667, 49847673, 33082681, 81238606, 33082828, 81238573, 81238602, 153969232, 153969231, 49847679, 163057089, 33082654, 33082644, 153954034, 153954027, 67509258, 137110009, 67513459, 421062062, 228891738, 228187981, 67513483, 228187982, 228472065, 67513444, 33082824, 67521907, 228472478, 67521909, 228524949, 67522896, 228336672, 228335249, 67028815, 67522906, 67524085, 67524087, 71295473, 71214040, 442062934, 50321113, 442062932, 49942425, 71214046, 126108965, 126108964, 125295335, 125295339, 126108939, 126108966, 125591277, 125591281, 125591273, 125295331, 49925698, 126112944, 126112940, 125295337, 126718340, 126718370, 71214043, 85275012, 85275008, 85275003, 85274994, 66831113, 71214035, 85080717, 298451131, 49976968, 85080723, 50835278, 42422684, 50835273, 82426153, 82390717, 190675593, 74465636, 1081619207, 1081619208, 625456153, 299669329, 223139340, 223139342, 625430553, 625354399, 625354408, 625354406, 33901400, 625354411, 625354410, 625354409, 221495772, 141200001, 221645331, 141200002, 141199999, 32065000, 33901871, 30953882, 33901872, 32065093, 50835987, 51893824, 202327950, 83101121, 221107497, 221600776, 142028499, 62370201, 142028494, 140415166, 140415174, 142028490, 41384033, 48360435, 382197881, 48360433, 828399722, 48361201, 132546392, 48362157, 48362159, 190641096, 190641095, 190641094, 170328098, 170328099, 170328105, 170328097, 170328103]
Warning: rel 11278320 touches 10 tiles.
Warning: Incomplete multipolygon relation 11318547 (Hautes Terres d'Oc): using bbox of unclosed polygon to calc tiles, ways: [118109771, 23301681, 31021819, 31236815, 31237320, 41224969, 41224963, 36977474, 41224974, 41224970, 41276425, 41224975, 41274992, 36987135, 41273564, 41273057, 41272474, 41271718, 37021144, 37297736, 41271239, 34388454, 33883182, 404414488]
Warning: Incomplete multipolygon relation 11345690 (SM du Parc Naturel Régional des Grands Causses): using bbox of unclosed polygon to calc tiles, ways: [33424942, 33425108, 33452109, 36811192, 42163093, 33473489, 42163096, 53507022, 101848715, 53507015, 31303515, 42163100, 42163101, 31297239, 42163102, 31137032, 1024348500, 269797514, 1024348497, 42163104, 1024348506, 1024348504, 1024348495, 31132334, 42163107, 326543573, 42438772, 31132335, 161461781, 31131760, 31128025, 48378838, 31128029, 31046554, 31047140, 48378840, 48378841, 35608012, 35608011, 31046469, 48379130, 55275712, 55275714, 48379124, 48598735, 48599924, 48377967, 48377966, 933870354, 48378390, 1155093308, 48596795, 174309611, 37034919, 48594257, 41343752, 31151038, 31151039, 48594256, 31150582, 48597959, 31020114, 31020113, 31150581, 31020897, 31233254, 31237321, 31236814, 31236343, 31021819, 23301681, 118109771]
Warning: Incomplete multipolygon relation 11345717 (Syndicat des Territoires de l'Est Cantal): using bbox of unclosed polygon to calc tiles, ways: [36902846, 42163017, 42163041, 42163044, 153969740, 33082651, 33082875, 81238609, 49847667, 49847673, 33082681, 81238606, 33082828, 81238573, 81238602, 153969232, 153969231, 49847679, 163057089, 33082654, 33082644, 153954034, 153954027, 67509258, 137110009, 67513459, 421062062, 137107605]
Warning: Incomplete multipolygon relation 11349552 (Rhône Provence Baronnies): using bbox of unclosed polygon to calc tiles, ways: [72097312, 38457157, 68296710, 48370832, 231513131, 36908321, 48370596, 68296705, 48369003, 35151998, 170328097, 170328105, 170328099, 170328098, 190641094, 190641095, 190641096, 190641100]
Warning: Incomplete multipolygon relation 11352010 (Pays des Cévennes): using bbox of unclosed polygon to calc tiles, ways: [48351949, 48351960, 48662220, 42422666, 42422865, 42422883, 30951131, 30951133, 42422887, 30954415, 42422888, 42422894, 64947791, 69332612, 64948188, 221317549, 64951558, 64880374, 61305667, 61305661, 61302368, 61303518, 30933381, 359649367, 359649369, 359649352, 48863507, 48864722, 30933378, 64862881, 30933395, 30932233, 64873014, 65654246, 65978075, 30932232, 30932235, 30932777, 30932890, 30932888, 30932889, 30951470, 65983261, 65983896, 65981263, 65981265, 70581700, 192917475, 192900367, 192900366, 70563179, 191915590, 191915589, 47936871, 47936726, 70737445, 48135172, 191895523, 191877542, 69081450, 69000366, 48179994, 48179995, 194923601, 194923603, 221094387, 221094388, 221586209, 221616939, 48375130, 48375129, 48367815, 48367822, 48367816, 221855905, 142028493, 41384033, 142028490, 140415174, 140415166, 142028494, 62370201, 83101086, 42422663, 48357732, 48358445, 48358448, 933870350, 48358746, 933870364, 933870337, 933870345, 221533300, 933870293, 132901388, 48359062, 132901387, 221540365, 221645333, 221651953, 1302481322, 475520589, 171932118, 625812929, 365868634, 625812928, 221495772, 141200001, 221645331, 141200002, 141199999, 32065000, 33901871, 30953882, 33901872, 32065093, 50835987, 51893824, 202327950, 83101079]
Warning: Incomplete multipolygon relation 13125009 (Diocèse du Puy-en-Velay): using bbox of unclosed polygon to calc tiles, ways: [137107605, 228891738, 228187981, 67513483, 228187982, 228472065, 67513444, 33082824, 67521907, 228472478, 67521909, 228524949, 67522896, 228336672, 228335249, 67028815, 67522906, 67524085, 67524087, 71295473, 71214040, 442062934, 50321113, 442062932, 49942425, 71214046, 126108965, 126108964, 125295335, 125295339, 126108939, 126108966, 125591277, 125591281, 125591273, 125295331, 84963608]
Warning: Incomplete multipolygon relation 16230397 (Natura 2000 des Récifs des Canyons Lacaze-Duthiers, Pruvot et Bourcart): using bbox of unclosed polygon to calc tiles, ways: [1201072579, 1201072574, 683620179, 185998448]
Warning: Incomplete multipolygon relation 16230398 (Natura 2000 des Grands dauphins du golfe du Lion): using bbox of unclosed polygon to calc tiles, ways: [1201072579, 770774374, 770774375, 771466387, 771786819]
Warning: Incomplete multipolygon relation 16467322 (France (terres)): using bbox of unclosed polygon to calc tiles, ways: [772046486, 772046487, 8148248, 31058180, 772046449, 667816734, 433543101, 488961550, 488961551, 433543081, 401479740, 42132699, 488961548, 488961549, 422382103, 422382105, 422382101, 422382098, 11151867, 422435970, 422435973, 422435971, 422435980, 422435962, 422435988, 422435978, 422435984, 422435987, 422435995, 422435963, 422435989, 422435993, 422435998, 422435966, 422435996, 422435975, 422435981, 422435968, 422435999, 422435961, 422435986, 422435964, 422435991, 422435969, 422436000, 422435967, 422435974, 422436009, 422435955, 422436008, 422436013, 422435951, 422435952, 422436011, 11151512, 422435954, 422435953, 422435956, 422436015, 488961546, 488961547, 283112389, 35678332, 11151098, 283112391, 84807659, 488961540, 488961541, 772046446, 26788424, 42809499, 20569813, 31050165, 20569460, 72457497, 72457468, 72457499, 234793054, 72457464, 72457470, 72457481, 72457463, 20492985, 166895991, 166895981, 166895997, 166895994, 166895996, 166895992, 166895995, 166895993, 72457491, 166895998, 166895987, 166895999, 83930891, 166895986, 97216917, 97216923, 206124794, 206124793, 206124795, 178252820, 114576737, 178252833, 178252832, 398923995, 178252831, 398923994, 178252841, 178252826, 178252838, 178252834, 234734933, 398926512, 388533123, 234734928, 215400206, 178252819, 178252829, 178252835, 114576735, 178252845, 143863674, 178252846, 178252825, 49265354, 10116727, 143863673, 1055020661, 234729379, 388620587, 176632011, 1197815397, 234729377, 83098196, 41503460, 234727275, 31049839, 205402607, 32664117, 27926739, 234734938, 32376229, 910798456, 234734940, 234738947, 1289071077, 493218398, 493218399, 80238614, 234745730, 28419966, 234745726, 28428328, 80445332, 1037708913, 80445343, 1040250706, 1037708909, 1037708906, 1037708902, 1037708903, 25093901, 41416843, 28419905, 27011479, 25102898, 80445339, 25102659, 25101860, 63023760, 25101862, 25101858, 25101100, 25101089, 25101092, 25101087, 25100197, 160902743, 160902790, 160902807, 160902772, 160902798, 668495700, 25100223, 25100194, 25097918, 668495698, 169265626, 25097906, 25097907, 25097908, 25097912, 379739333, 694590095, 379739345, 25097922, 25097915, 15412298, 45479910, 45479911, 399170682, 399170684, 45479908, 399168278, 25100193, 399168583, 25102667, 399168589, 45479909, 25116282, 32934055, 41362407, 399167526, 399165444, 41362408, 428399148, 45509288, 45509265, 537152668, 45509287, 25910273, 25910277, 25910276, 25787109, 45509286, 1073202857, 221180097, 221313368, 15412295, 45509284, 220706761, 428399143, 45509277, 45509280, 540042643, 220340562, 214780493, 45509278, 504713076, 50402860, 1158562302, 50402862, 30814199, 45504150, 45504161, 45504152, 48719597, 401352046, 45504151, 45504154, 48719598, 31059440, 31059443, 45504159, 45504160, 48719471, 45504157, 5820017, 155174610, 536744888, 536744887, 377842208, 23305159, 50344406, 536746109]
Warning: rel 16467322 touches 13 tiles.
Warning: Incomplete multipolygon relation 17128037 (Forêt domaniale de Les Hares): using bbox of unclosed polygon to calc tiles, ways: [1244613725, 1244613722]
Warning: Incomplete multipolygon relation 17163089 (Larzac): using bbox of unclosed polygon to calc tiles, ways: [1246837169, 1246890163]
Warning: Incomplete multipolygon relation 17163786 (Monts de Lacaune): using bbox of unclosed polygon to calc tiles, ways: [1246885506, 1246890167]
Warning: Incomplete multipolygon relation 17163845 (Saint-Affricain): using bbox of unclosed polygon to calc tiles, ways: [1246885506, 1246890165, 1246890164]
Warning: Incomplete multipolygon relation 17305555 (Pays de Lafayette): using bbox of unclosed polygon to calc tiles, ways: [228336673, 228336672, 67522896, 228524949, 67521909, 228472478, 67521907, 33082824, 67513444, 228472065, 228187982, 67513483, 228187981, 228891738, 137107605]
Warning: Incomplete multipolygon relation 17305558 (Syndicat des territoires de l'Est Cantal): using bbox of unclosed polygon to calc tiles, ways: [137107605, 421062062, 67513459, 137110009, 67509258, 153954027, 153954034, 33082644, 33082654, 163057089, 49847679, 153969231, 153969232, 81238602, 81238573, 33082828, 81238606, 33082681, 49847673, 49847667, 81238609, 33082875, 33082651, 153969740, 42163044, 42163041, 42163017, 36902846]
Warning: Incomplete multipolygon relation 17370209 (SCoT d'Avignon): using bbox of unclosed polygon to calc tiles, ways: [30799089, 32113900, 48238135, 48238604, 48238129, 48238603, 48237448, 48237446, 48274758, 48274862, 48274864, 48277357, 48275421, 48275097, 48275099, 48275422, 48277971, 48277870, 48277970, 68297062, 35085478, 48278006, 48278148, 68297081, 48278552, 35085480, 35085479]
Warning: Incomplete multipolygon relation 17506020 (Este): using bbox of closed polygon to calc tiles, ways: [30814651, 30814650, 135251539, 25776674, 30814474, 30857588, 31102424]
Warning: Incomplete multipolygon relation 17506020 (Este): using bbox of unclosed polygon to calc tiles, ways: [208557122, 155174610, 5820017, 45504157, 48719471, 45504160, 45504159, 31059443, 31059440, 48719598, 45504154, 45504151, 401352046, 48719597, 45504152, 45504161, 45504150, 30814199, 50402862, 1158562302, 50402860, 504713076, 45509278, 214780493, 220340562, 540042643, 45509280, 45509277, 428399143, 220706761, 45509284, 15412295, 221313368, 221180097, 1073202857, 45509286, 25787109, 25910276, 25910277, 25910273, 45509287, 537152668, 45509265, 45509288, 428399148, 41362408, 399165444, 399167526, 41362407, 32934055, 25116282, 45479909, 399168589, 25102667, 399168583, 25100193, 399168278, 45479908, 399170684, 399170682, 45479911, 45479910, 15412298, 589614403, 589614404, 45398563]
Warning: Incomplete multipolygon relation 17506020 (Este): using bbox of unclosed polygon to calc tiles, ways: [589614407]
Stats for MultiTileProcessor pass 3
  SparseBitSet neededWays contains now 37 212 Ids.
  Number of stored tile combinations in multiTileDictionary: 219
Status: Making sure that needed way nodes of relations are written to the correct tiles...
Multi-tile analyses phase 3 took 7907 ms
-----------------------------------
Executing multi-tile analyses phase 4
Processing C:\Users\peter\Documents\Maps Garmin\OSMlatest\languedoc-roussillon-latest.osm.pbf
Bounding box 1.6862560000000002 42.16658 4.8479790000000005 44.978210000000004
1 000 000 ways parsed... id=125411092
2 000 000 ways parsed... id=287975888
3 000 000 ways parsed... id=794796889
Stats for MultiTileProcessor pass 4
  SparseBitSet neededWays contains now 37 212 Ids.
  Number of stored tile combinations in multiTileDictionary: 223
  nodeWriterMap contains 900 046 pairs.
  wayWriterMap contains 19 188 pairs.
  relWriterMap contains 1 698 pairs.
Status: Finished processing problem lists.
Multi-tile analyses phase 4 took 3234 ms
-----------------------------------
Writing results of MultiTileAnalyser to temp files ...
Wrote 900046 node pairs to C:\Users\peter\Documents\Maps Garmin\OSMsplitted\FRld\node7825105553996526255.tmp
Wrote 19188 way pairs to C:\Users\peter\Documents\Maps Garmin\OSMsplitted\FRld\way5911277848801990225.tmp
Wrote 1698 rel pairs to C:\Users\peter\Documents\Maps Garmin\OSMsplitted\FRld\rel2797663419928813785.tmp
Writing temp files took 250 ms
Distributing data Fri Aug 16 16:54:29 CEST 2024
Processing 18 areas in a single pass
coord Map: uses SparseLong2IntMap
way Map: uses SparseLong2IntMap
Starting distribution pass 1 of 1, processing 18 areas (63220001 to 63220018)
Processing C:\Users\peter\Documents\Maps Garmin\OSMlatest\languedoc-roussillon-latest.osm.pbf
Bounding box 1.6862560000000002 42.16658 4.8479790000000005 44.978210000000004
10 000 000 nodes parsed... id=1946626510
20 000 000 nodes parsed... id=5745687760
Writing ways Fri Aug 16 16:54:37 CEST 2024
1 000 000 ways parsed... id=125411092
2 000 000 ways parsed... id=287975888
3 000 000 ways parsed... id=794796889
Writing relations Fri Aug 16 16:54:44 CEST 2024
coord Map: 27 598 528 stored long/int pairs require ca. 28 bytes per pair. 1 258 591 chunks are used, the avg. number of values in one 64-chunk is 21.
coord Map details: ~741 MB, including 91 array(s) with 8 MB

way Map: 3 613 693 stored long/int pairs require ca. 24 bytes per pair. 274 072 chunks are used, the avg. number of values in one 64-chunk is 13.
way Map details: ~83 MB, including 10 array(s) with 8 MB

  JVM Memory Info: Current 3121MB (2402MB used, 719MB free) Max 7282MB
Full Node tests:  1 680 513
Quick Node tests: 26 760 661
Thread worker-8 has finished
Thread worker-2 has finished
Thread worker-4 has finished
Thread worker-7 has finished
Thread worker-10 has finished
Thread worker-0 has finished
Thread worker-5 has finished
Thread worker-1 has finished
Thread worker-6 has finished
Thread worker-3 has finished
Thread worker-9 has finished
Distribution pass(es) took 15986 ms
temporary file C:\Users\peter\Documents\Maps Garmin\OSMsplitted\FRld\node7825105553996526255.tmp was deleted
temporary file C:\Users\peter\Documents\Maps Garmin\OSMsplitted\FRld\way5911277848801990225.tmp was deleted
temporary file C:\Users\peter\Documents\Maps Garmin\OSMsplitted\FRld\rel2797663419928813785.tmp was deleted
Time finished: Fri Aug 16 16:54:44 CEST 2024
Total time taken: 48 seconds
